\BOOKMARK [1][-]{section.1}{Introduction}{}% 1
\BOOKMARK [1][-]{section.2}{L'IA et l'\351thique une association forc\351e}{}% 2
\BOOKMARK [2][-]{subsection.2.1}{L'intelligence artificielle, quand les machines r\351volutionnent le monde}{section.2}% 3
\BOOKMARK [3][-]{subsubsection.2.1.1}{Un commencement agit\351}{subsection.2.1}% 4
\BOOKMARK [3][-]{subsubsection.2.1.2}{La machine plus forte que l'homme ?}{subsection.2.1}% 5
\BOOKMARK [3][-]{subsubsection.2.1.3}{Derri\350re la notion d'IA aujourd\220hui}{subsection.2.1}% 6
\BOOKMARK [3][-]{subsubsection.2.1.4}{La processus de fabrication}{subsection.2.1}% 7
\BOOKMARK [2][-]{subsection.2.2}{L\220\351thique, la science de la morale}{section.2}% 8
\BOOKMARK [3][-]{subsubsection.2.2.1}{L'origine du bon}{subsection.2.2}% 9
\BOOKMARK [3][-]{subsubsection.2.2.2}{Le jugement de chacun}{subsection.2.2}% 10
\BOOKMARK [2][-]{subsection.2.3}{La question de l'\351thique pour les algorithmes intelligents}{section.2}% 11
\BOOKMARK [3][-]{subsubsection.2.3.1}{Les biais et leurs m\351faits}{subsection.2.3}% 12
\BOOKMARK [3][-]{subsubsection.2.3.2}{Ouvrir la bo\356te noire}{subsection.2.3}% 13
\BOOKMARK [3][-]{subsubsection.2.3.3}{Derri\350re chaque grande IA, des humains}{subsection.2.3}% 14
\BOOKMARK [3][-]{subsubsection.2.3.4}{Expliciter la morale des humains pour l\220IA}{subsection.2.3}% 15
\BOOKMARK [3][-]{subsubsection.2.3.5}{Les cinq piliers hypoth\351tiques d'une IA \351thique}{subsection.2.3}% 16
\BOOKMARK [2][-]{subsection.2.4}{Synth\350se}{section.2}% 17
\BOOKMARK [1][-]{section.3}{Solution propos\351e : une bo\356te \340 outil transparente}{}% 18
\BOOKMARK [2][-]{subsection.3.1}{Outils existants}{section.3}% 19
\BOOKMARK [3][-]{subsubsection.3.1.1}{Cadrage}{subsection.3.1}% 20
\BOOKMARK [3][-]{subsubsection.3.1.2}{Analyse des donn\351es}{subsection.3.1}% 21
\BOOKMARK [3][-]{subsubsection.3.1.3}{Biais \(donn\351es et mod\350le\)}{subsection.3.1}% 22
\BOOKMARK [3][-]{subsubsection.3.1.4}{Explicabilit\351}{subsection.3.1}% 23
\BOOKMARK [3][-]{subsubsection.3.1.5}{Monitoring}{subsection.3.1}% 24
\BOOKMARK [2][-]{subsection.3.2}{Une nouvelle solution : TransparentAI}{section.3}% 25
\BOOKMARK [3][-]{subsubsection.3.2.1}{Pourquoi cette solution ?}{subsection.3.2}% 26
\BOOKMARK [3][-]{subsubsection.3.2.2}{Description th\351orique et technique}{subsection.3.2}% 27
\BOOKMARK [3][-]{subsubsection.3.2.3}{Protocole de l'exp\351rience}{subsection.3.2}% 28
\BOOKMARK [2][-]{subsection.3.3}{Synth\350se}{section.3}% 29
\BOOKMARK [1][-]{section.4}{R\351sultats}{}% 30
\BOOKMARK [2][-]{subsection.4.1}{Le d\351roulement}{section.4}% 31
\BOOKMARK [2][-]{subsection.4.2}{Les conclusions tir\351es}{section.4}% 32
\BOOKMARK [2][-]{subsection.4.3}{Les limites de l'exp\351rience}{section.4}% 33
\BOOKMARK [2][-]{subsection.4.4}{La suite}{section.4}% 34
\BOOKMARK [2][-]{subsection.4.5}{Synth\350se}{section.4}% 35
\BOOKMARK [1][-]{section.5}{Conclusion}{}% 36
