This is pdfTeX, Version 3.14159265-2.6-1.40.20 (TeX Live 2019/Debian) (preloaded format=pdflatex 2020.3.11)  6 JUL 2020 11:03
entering extended mode
 restricted \write18 enabled.
 file:line:error style messages enabled.
 %&-line parsing enabled.
**/home/lauga/Documents/memoire/latex/memoire.tex
(/home/lauga/Documents/memoire/latex/memoire.tex
LaTeX2e <2018-12-01>
(/usr/share/texlive/texmf-dist/tex/latex/base/article.cls
Document Class: article 2018/09/03 v1.4i Standard LaTeX document class
(/usr/share/texlive/texmf-dist/tex/latex/base/size10.clo
File: size10.clo 2018/09/03 v1.4i Standard LaTeX file (size option)
)
\c@part=\count80
\c@section=\count81
\c@subsection=\count82
\c@subsubsection=\count83
\c@paragraph=\count84
\c@subparagraph=\count85
\c@figure=\count86
\c@table=\count87
\abovecaptionskip=\skip41
\belowcaptionskip=\skip42
\bibindent=\dimen102
) (/usr/share/texlive/texmf-dist/tex/latex/natbib/natbib.sty
Package: natbib 2010/09/13 8.31b (PWD, AO)
\bibhang=\skip43
\bibsep=\skip44
LaTeX Info: Redefining \cite on input line 694.
\c@NAT@ctr=\count88
) (/usr/share/texlive/texmf-dist/tex/latex/geometry/geometry.sty
Package: geometry 2018/04/16 v5.8 Page Geometry
 (/usr/share/texlive/texmf-dist/tex/latex/graphics/keyval.sty
Package: keyval 2014/10/28 v1.15 key=value parser (DPC)
\KV@toks@=\toks14
) (/usr/share/texlive/texmf-dist/tex/generic/oberdiek/ifpdf.sty
Package: ifpdf 2018/09/07 v3.3 Provides the ifpdf switch
) (/usr/share/texlive/texmf-dist/tex/generic/oberdiek/ifvtex.sty
Package: ifvtex 2016/05/16 v1.6 Detect VTeX and its facilities (HO)
Package ifvtex Info: VTeX not detected.
) (/usr/share/texlive/texmf-dist/tex/generic/ifxetex/ifxetex.sty
Package: ifxetex 2010/09/12 v0.6 Provides ifxetex conditional
)
\Gm@cnth=\count89
\Gm@cntv=\count90
\c@Gm@tempcnt=\count91
\Gm@bindingoffset=\dimen103
\Gm@wd@mp=\dimen104
\Gm@odd@mp=\dimen105
\Gm@even@mp=\dimen106
\Gm@layoutwidth=\dimen107
\Gm@layoutheight=\dimen108
\Gm@layouthoffset=\dimen109
\Gm@layoutvoffset=\dimen110
\Gm@dimlist=\toks15
) (/usr/share/texlive/texmf-dist/tex/generic/babel/babel.sty
Package: babel 2019/06/03 3.32 The Babel package
 (/usr/share/texlive/texmf-dist/tex/generic/babel/switch.def
File: switch.def 2019/06/03 3.32 Babel switching mechanism
)
Package babel Info: You haven't specified a language. I'll use 'nil'
(babel)             as the main language. Reported on input line 568.
 (/usr/share/texlive/texmf-dist/tex/generic/babel/nil.ldf
Language: nil 2019/06/03 3.32 Nil language
 (/usr/share/texlive/texmf-dist/tex/generic/babel/babel.def
File: babel.def 2019/06/03 3.32 Babel common definitions
\babel@savecnt=\count92
\U@D=\dimen111
 (/usr/share/texlive/texmf-dist/tex/generic/babel/txtbabel.def)
\bbl@dirlevel=\count93
)
\l@nil=\language5
)) (/usr/share/texlive/texmf-dist/tex/latex/graphics/graphicx.sty
Package: graphicx 2017/06/01 v1.1a Enhanced LaTeX Graphics (DPC,SPQR)
 (/usr/share/texlive/texmf-dist/tex/latex/graphics/graphics.sty
Package: graphics 2017/06/25 v1.2c Standard LaTeX Graphics (DPC,SPQR)
 (/usr/share/texlive/texmf-dist/tex/latex/graphics/trig.sty
Package: trig 2016/01/03 v1.10 sin cos tan (DPC)
) (/usr/share/texlive/texmf-dist/tex/latex/graphics-cfg/graphics.cfg
File: graphics.cfg 2016/06/04 v1.11 sample graphics configuration
)
Package graphics Info: Driver file: pdftex.def on input line 99.
 (/usr/share/texlive/texmf-dist/tex/latex/graphics-def/pdftex.def
File: pdftex.def 2018/01/08 v1.0l Graphics/color driver for pdftex
))
\Gin@req@height=\dimen112
\Gin@req@width=\dimen113
) (/usr/share/texlive/texmf-dist/tex/latex/hyperref/hyperref.sty
Package: hyperref 2018/11/30 v6.88e Hypertext links for LaTeX
 (/usr/share/texlive/texmf-dist/tex/generic/oberdiek/hobsub-hyperref.sty
Package: hobsub-hyperref 2016/05/16 v1.14 Bundle oberdiek, subset hyperref (HO)
 (/usr/share/texlive/texmf-dist/tex/generic/oberdiek/hobsub-generic.sty
Package: hobsub-generic 2016/05/16 v1.14 Bundle oberdiek, subset generic (HO)
Package: hobsub 2016/05/16 v1.14 Construct package bundles (HO)
Package: infwarerr 2016/05/16 v1.4 Providing info/warning/error messages (HO)
Package: ltxcmds 2016/05/16 v1.23 LaTeX kernel commands for general use (HO)
Package: ifluatex 2016/05/16 v1.4 Provides the ifluatex switch (HO)
Package ifluatex Info: LuaTeX not detected.
Package hobsub Info: Skipping package `ifvtex' (already loaded).
Package: intcalc 2016/05/16 v1.2 Expandable calculations with integers (HO)
Package hobsub Info: Skipping package `ifpdf' (already loaded).
Package: etexcmds 2016/05/16 v1.6 Avoid name clashes with e-TeX commands (HO)
Package: kvsetkeys 2016/05/16 v1.17 Key value parser (HO)
Package: kvdefinekeys 2016/05/16 v1.4 Define keys (HO)
Package: pdftexcmds 2018/09/10 v0.29 Utility functions of pdfTeX for LuaTeX (HO)
Package pdftexcmds Info: LuaTeX not detected.
Package pdftexcmds Info: \pdf@primitive is available.
Package pdftexcmds Info: \pdf@ifprimitive is available.
Package pdftexcmds Info: \pdfdraftmode found.
Package: pdfescape 2016/05/16 v1.14 Implements pdfTeX's escape features (HO)
Package: bigintcalc 2016/05/16 v1.4 Expandable calculations on big integers (HO)
Package: bitset 2016/05/16 v1.2 Handle bit-vector datatype (HO)
Package: uniquecounter 2016/05/16 v1.3 Provide unlimited unique counter (HO)
)
Package hobsub Info: Skipping package `hobsub' (already loaded).
Package: letltxmacro 2016/05/16 v1.5 Let assignment for LaTeX macros (HO)
Package: hopatch 2016/05/16 v1.3 Wrapper for package hooks (HO)
Package: xcolor-patch 2016/05/16 xcolor patch
Package: atveryend 2016/05/16 v1.9 Hooks at the very end of document (HO)
Package atveryend Info: \enddocument detected (standard20110627).
Package: atbegshi 2016/06/09 v1.18 At begin shipout hook (HO)
Package: refcount 2016/05/16 v3.5 Data extraction from label references (HO)
Package: hycolor 2016/05/16 v1.8 Color options for hyperref/bookmark (HO)
) (/usr/share/texlive/texmf-dist/tex/latex/oberdiek/auxhook.sty
Package: auxhook 2016/05/16 v1.4 Hooks for auxiliary files (HO)
) (/usr/share/texlive/texmf-dist/tex/latex/oberdiek/kvoptions.sty
Package: kvoptions 2016/05/16 v3.12 Key value format for package options (HO)
)
\@linkdim=\dimen114
\Hy@linkcounter=\count94
\Hy@pagecounter=\count95
 (/usr/share/texlive/texmf-dist/tex/latex/hyperref/pd1enc.def
File: pd1enc.def 2018/11/30 v6.88e Hyperref: PDFDocEncoding definition (HO)
Now handling font encoding PD1 ...
... no UTF-8 mapping file for font encoding PD1
)
\Hy@SavedSpaceFactor=\count96
 (/usr/share/texlive/texmf-dist/tex/latex/latexconfig/hyperref.cfg
File: hyperref.cfg 2002/06/06 v1.2 hyperref configuration of TeXLive
)
Package hyperref Info: Hyper figures OFF on input line 4519.
Package hyperref Info: Link nesting OFF on input line 4524.
Package hyperref Info: Hyper index ON on input line 4527.
Package hyperref Info: Plain pages OFF on input line 4534.
Package hyperref Info: Backreferencing OFF on input line 4539.
Package hyperref Info: Implicit mode ON; LaTeX internals redefined.
Package hyperref Info: Bookmarks ON on input line 4772.
\c@Hy@tempcnt=\count97
 (/usr/share/texlive/texmf-dist/tex/latex/url/url.sty
\Urlmuskip=\muskip10
Package: url 2013/09/16  ver 3.4  Verb mode for urls, etc.
)
LaTeX Info: Redefining \url on input line 5125.
\XeTeXLinkMargin=\dimen115
\Fld@menulength=\count98
\Field@Width=\dimen116
\Fld@charsize=\dimen117
Package hyperref Info: Hyper figures OFF on input line 6380.
Package hyperref Info: Link nesting OFF on input line 6385.
Package hyperref Info: Hyper index ON on input line 6388.
Package hyperref Info: backreferencing OFF on input line 6395.
Package hyperref Info: Link coloring OFF on input line 6400.
Package hyperref Info: Link coloring with OCG OFF on input line 6405.
Package hyperref Info: PDF/A mode OFF on input line 6410.
LaTeX Info: Redefining \ref on input line 6450.
LaTeX Info: Redefining \pageref on input line 6454.
\Hy@abspage=\count99
\c@Item=\count100
\c@Hfootnote=\count101
)
Package hyperref Info: Driver (autodetected): hpdftex.
 (/usr/share/texlive/texmf-dist/tex/latex/hyperref/hpdftex.def
File: hpdftex.def 2018/11/30 v6.88e Hyperref driver for pdfTeX
\Fld@listcount=\count102
\c@bookmark@seq@number=\count103
 (/usr/share/texlive/texmf-dist/tex/latex/oberdiek/rerunfilecheck.sty
Package: rerunfilecheck 2016/05/16 v1.8 Rerun checks for auxiliary files (HO)
Package uniquecounter Info: New unique counter `rerunfilecheck' on input line 282.
)
\Hy@SectionHShift=\skip45
) (/usr/share/texlive/texmf-dist/tex/latex/enumitem/enumitem.sty
Package: enumitem 2019/06/20 v3.9 Customized lists
\labelindent=\skip46
\enit@outerparindent=\dimen118
\enit@toks=\toks16
\enit@inbox=\box27
\enit@count@id=\count104
\enitdp@description=\count105
) (/usr/share/texlive/texmf-dist/tex/latex/tools/tabularx.sty
Package: tabularx 2016/02/03 v2.11b `tabularx' package (DPC)
 (/usr/share/texlive/texmf-dist/tex/latex/tools/array.sty
Package: array 2018/12/30 v2.4k Tabular extension package (FMi)
\col@sep=\dimen119
\ar@mcellbox=\box28
\extrarowheight=\dimen120
\NC@list=\toks17
\extratabsurround=\skip47
\backup@length=\skip48
\ar@cellbox=\box29
)
\TX@col@width=\dimen121
\TX@old@table=\dimen122
\TX@old@col=\dimen123
\TX@target=\dimen124
\TX@delta=\dimen125
\TX@cols=\count106
\TX@ftn=\toks18
) (/usr/share/texlive/texmf-dist/tex/latex/amsmath/amsmath.sty
Package: amsmath 2018/12/01 v2.17b AMS math features
\@mathmargin=\skip49

For additional information on amsmath, use the `?' option.
(/usr/share/texlive/texmf-dist/tex/latex/amsmath/amstext.sty
Package: amstext 2000/06/29 v2.01 AMS text
 (/usr/share/texlive/texmf-dist/tex/latex/amsmath/amsgen.sty
File: amsgen.sty 1999/11/30 v2.0 generic functions
\@emptytoks=\toks19
\ex@=\dimen126
)) (/usr/share/texlive/texmf-dist/tex/latex/amsmath/amsbsy.sty
Package: amsbsy 1999/11/29 v1.2d Bold Symbols
\pmbraise@=\dimen127
) (/usr/share/texlive/texmf-dist/tex/latex/amsmath/amsopn.sty
Package: amsopn 2016/03/08 v2.02 operator names
)
\inf@bad=\count107
LaTeX Info: Redefining \frac on input line 223.
\uproot@=\count108
\leftroot@=\count109
LaTeX Info: Redefining \overline on input line 385.
\classnum@=\count110
\DOTSCASE@=\count111
LaTeX Info: Redefining \ldots on input line 482.
LaTeX Info: Redefining \dots on input line 485.
LaTeX Info: Redefining \cdots on input line 606.
\Mathstrutbox@=\box30
\strutbox@=\box31
\big@size=\dimen128
LaTeX Font Info:    Redeclaring font encoding OML on input line 729.
LaTeX Font Info:    Redeclaring font encoding OMS on input line 730.
\macc@depth=\count112
\c@MaxMatrixCols=\count113
\dotsspace@=\muskip11
\c@parentequation=\count114
\dspbrk@lvl=\count115
\tag@help=\toks20
\row@=\count116
\column@=\count117
\maxfields@=\count118
\andhelp@=\toks21
\eqnshift@=\dimen129
\alignsep@=\dimen130
\tagshift@=\dimen131
\tagwidth@=\dimen132
\totwidth@=\dimen133
\lineht@=\dimen134
\@envbody=\toks22
\multlinegap=\skip50
\multlinetaggap=\skip51
\mathdisplay@stack=\toks23
LaTeX Info: Redefining \[ on input line 2844.
LaTeX Info: Redefining \] on input line 2845.
) (/home/lauga/Documents/memoire/latex/memoire.aux)
\openout1 = `memoire.aux'.

LaTeX Font Info:    Checking defaults for OML/cmm/m/it on input line 18.
LaTeX Font Info:    ... okay on input line 18.
LaTeX Font Info:    Checking defaults for T1/cmr/m/n on input line 18.
LaTeX Font Info:    ... okay on input line 18.
LaTeX Font Info:    Checking defaults for OT1/cmr/m/n on input line 18.
LaTeX Font Info:    ... okay on input line 18.
LaTeX Font Info:    Checking defaults for OMS/cmsy/m/n on input line 18.
LaTeX Font Info:    ... okay on input line 18.
LaTeX Font Info:    Checking defaults for OMX/cmex/m/n on input line 18.
LaTeX Font Info:    ... okay on input line 18.
LaTeX Font Info:    Checking defaults for U/cmr/m/n on input line 18.
LaTeX Font Info:    ... okay on input line 18.
LaTeX Font Info:    Checking defaults for PD1/pdf/m/n on input line 18.
LaTeX Font Info:    ... okay on input line 18.

*geometry* driver: auto-detecting
*geometry* detected driver: pdftex
*geometry* verbose mode - [ preamble ] result:
* driver: pdftex
* paper: a4paper
* layout: <same size as paper>
* layoutoffset:(h,v)=(0.0pt,0.0pt)
* modes: 
* h-part:(L,W,R)=(99.58464pt, 398.33858pt, 99.58466pt)
* v-part:(T,H,B)=(101.40665pt, 591.5302pt, 152.11pt)
* \paperwidth=597.50787pt
* \paperheight=845.04684pt
* \textwidth=398.33858pt
* \textheight=591.5302pt
* \oddsidemargin=27.31465pt
* \evensidemargin=27.31465pt
* \topmargin=-7.86334pt
* \headheight=12.0pt
* \headsep=25.0pt
* \topskip=10.0pt
* \footskip=30.0pt
* \marginparwidth=57.0pt
* \marginparsep=11.0pt
* \columnsep=10.0pt
* \skip\footins=9.0pt plus 4.0pt minus 2.0pt
* \hoffset=0.0pt
* \voffset=0.0pt
* \mag=1000
* \@twocolumnfalse
* \@twosidefalse
* \@mparswitchfalse
* \@reversemarginfalse
* (1in=72.27pt=25.4mm, 1cm=28.453pt)

(/usr/share/texlive/texmf-dist/tex/context/base/mkii/supp-pdf.mkii
[Loading MPS to PDF converter (version 2006.09.02).]
\scratchcounter=\count119
\scratchdimen=\dimen135
\scratchbox=\box32
\nofMPsegments=\count120
\nofMParguments=\count121
\everyMPshowfont=\toks24
\MPscratchCnt=\count122
\MPscratchDim=\dimen136
\MPnumerator=\count123
\makeMPintoPDFobject=\count124
\everyMPtoPDFconversion=\toks25
) (/usr/share/texlive/texmf-dist/tex/latex/oberdiek/epstopdf-base.sty
Package: epstopdf-base 2016/05/15 v2.6 Base part for package epstopdf
 (/usr/share/texlive/texmf-dist/tex/latex/oberdiek/grfext.sty
Package: grfext 2016/05/16 v1.2 Manage graphics extensions (HO)
)
Package epstopdf-base Info: Redefining graphics rule for `.eps' on input line 438.
Package grfext Info: Graphics extension search list:
(grfext)             [.pdf,.png,.jpg,.mps,.jpeg,.jbig2,.jb2,.PDF,.PNG,.JPG,.JPEG,.JBIG2,.JB2,.eps]
(grfext)             \AppendGraphicsExtensions on input line 456.
 (/usr/share/texlive/texmf-dist/tex/latex/latexconfig/epstopdf-sys.cfg
File: epstopdf-sys.cfg 2010/07/13 v1.3 Configuration of (r)epstopdf for TeX Live
))
\AtBeginShipoutBox=\box33
Package hyperref Info: Link coloring OFF on input line 18.
 (/usr/share/texlive/texmf-dist/tex/latex/hyperref/nameref.sty
Package: nameref 2016/05/21 v2.44 Cross-referencing by name of section
 (/usr/share/texlive/texmf-dist/tex/generic/oberdiek/gettitlestring.sty
Package: gettitlestring 2016/05/16 v1.5 Cleanup title references (HO)
)
\c@section@level=\count125
)
LaTeX Info: Redefining \ref on input line 18.
LaTeX Info: Redefining \pageref on input line 18.
LaTeX Info: Redefining \nameref on input line 18.
\@outlinefile=\write3
\openout3 = `memoire.out'.

 [1

{/var/lib/texmf/fonts/map/pdftex/updmap/pdftex.map}]
\tf@toc=\write4
\openout4 = `memoire.toc'.

 [2] [3] [4]
LaTeX Font Info:    Try loading font information for OMS+cmr on input line 59.
 (/usr/share/texlive/texmf-dist/tex/latex/base/omscmr.fd
File: omscmr.fd 2014/09/29 v2.5h Standard LaTeX font definitions
)
LaTeX Font Info:    Font shape `OMS/cmr/m/n' in size <10> not available
(Font)              Font shape `OMS/cmsy/m/n' tried instead on input line 59.


Package natbib Warning: Citation `poole_computational_1997' on page 5 undefined on input line 73.


Package natbib Warning: Citation `solomonoff_time_1985' on page 5 undefined on input line 78.


Package natbib Warning: Citation `bush_as_1945' on page 5 undefined on input line 81.


Package natbib Warning: Citation `wiener_cybernetics;_1961' on page 5 undefined on input line 84.

[5]

Package natbib Warning: Citation `turing_i.computing_1950' on page 6 undefined on input line 87.


Overfull \hbox (1.7732pt too wide) in paragraph at lines 90--91
\OT1/cmr/m/n/10 interrogation est tr^^Res contradictoire, surtout en 1950, puisque le terme "machine" et "penser",
 []


Package natbib Warning: Citation `pinar_saygin_turing_2000' on page 6 undefined on input line 93.


Package natbib Warning: Citation `simon_heuristic_1958' on page 6 undefined on input line 96.


Package natbib Warning: Citation `simon_shape_1965' on page 6 undefined on input line 96.


Package natbib Warning: Citation `crevier_ai:_1992' on page 6 undefined on input line 99.

<images/grudin_2009_changing_seasons_ai.png, id=51, 883.3pt x 437.635pt>
File: images/grudin_2009_changing_seasons_ai.png Graphic file (type png)
<use images/grudin_2009_changing_seasons_ai.png>
Package pdftex.def Info: images/grudin_2009_changing_seasons_ai.png  used on input line 109.
(pdftex.def)             Requested size: 398.33858pt x 197.3613pt.

Package natbib Warning: Citation `grudin_ai_2009' on page 6 undefined on input line 110.

[6]

Package natbib Warning: Citation `krauthammer_be_1997' on page 7 undefined on input line 120.


Package natbib Warning: Citation `hsu_deep_1995' on page 7 undefined on input line 123.


Overfull \hbox (6.49545pt too wide) in paragraph at lines 126--127
 [][] \OT1/cmr/m/n/10 La r^^Sevolution qui a men^^Se l'intelligence artificielle ^^Ra sa place aujourd'hui n'est pas uniquement
 []

[7 </home/lauga/Documents/memoire/latex/images/grudin_2009_changing_seasons_ai.png>]

Package natbib Warning: Citation `newsflash_ai_2018' on page 8 undefined on input line 138.


Overfull \hbox (17.13431pt too wide) in paragraph at lines 138--139
 [][] \OT1/cmr/m/n/10 Un mot assez frappant, puisqu'il associe directement des machines ^^Ra l'homme, plus pr^^Secis^^Sement
 []

<images/alphago_lee_sedol.jpg, id=81, 578.16pt x 385.44pt>
File: images/alphago_lee_sedol.jpg Graphic file (type jpg)
<use images/alphago_lee_sedol.jpg>
Package pdftex.def Info: images/alphago_lee_sedol.jpg  used on input line 146.
(pdftex.def)             Requested size: 318.67207pt x 212.44551pt.

Package natbib Warning: Citation `noauthor_alphago_2017' on page 8 undefined on input line 147.


Package natbib Warning: Citation `deepmind_alphago_2016' on page 8 undefined on input line 152.


Overfull \hbox (3.22226pt too wide) in paragraph at lines 152--153
\OT1/cmr/m/n/10 lanc^^See dans ce d^^Sefi au cours de la d^^Secennie actuelle. Son premier "enfant", baptis^^Se "AlphaGo",
 []


Package natbib Warning: Citation `silver_mastering_2017' on page 8 undefined on input line 155.


Package natbib Warning: Citation `vinyals_alphastar:_2019' on page 8 undefined on input line 158.

[8]

Package natbib Warning: Citation `medeot_structurenet:_2018' on page 9 undefined on input line 161.


Package natbib Warning: Citation `mordvintsev_inceptionism:_2015' on page 9 undefined on input line 161.


Package natbib Warning: Citation `karras_style-based_2018' on page 9 undefined on input line 161.


Package natbib Warning: Citation `suwajanakorn_synthesizing_2017' on page 9 undefined on input line 161.


Package natbib Warning: Citation `grace_when_2017' on page 9 undefined on input line 167.


LaTeX Warning: Reference `fig:proba_super_ia' on page 9 undefined on input line 167.


Overfull \hbox (9.52316pt too wide) in paragraph at lines 167--168
 [][] \OT1/cmr/m/n/10 Penser qu'une machine aussi intelligente que l'homme est pour tr^^Res bient^ot ou tr^^Res longtemps,
 []


Overfull \hbox (0.91214pt too wide) in paragraph at lines 167--168
\OT1/cmr/m/n/10 meilleure opinion afin d'avoir la meilleure pr^^Sediction ^^Ra la question du passage de la singularit^^Se.
 []

<images/grace_2017_proba_super_ia.png, id=94, 717.68124pt x 517.935pt>
File: images/grace_2017_proba_super_ia.png Graphic file (type png)
<use images/grace_2017_proba_super_ia.png>
Package pdftex.def Info: images/grace_2017_proba_super_ia.png  used on input line 171.
(pdftex.def)             Requested size: 358.50227pt x 258.72975pt.

Package natbib Warning: Citation `grace_when_2017' on page 9 undefined on input line 172.

[9 </home/lauga/Documents/memoire/latex/images/alphago_lee_sedol.jpg>]
<images/grace_2017_chrono_estim_ia.png, id=105, 676.5275pt x 278.03876pt>
File: images/grace_2017_chrono_estim_ia.png Graphic file (type png)
<use images/grace_2017_chrono_estim_ia.png>
Package pdftex.def Info: images/grace_2017_chrono_estim_ia.png  used on input line 184.
(pdftex.def)             Requested size: 358.50227pt x 147.33862pt.


Package natbib Warning: Citation `grace_when_2017' on page 10 undefined on input line 185.

[10 </home/lauga/Documents/memoire/latex/images/grace_2017_proba_super_ia.png>]

Package natbib Warning: Citation `columbus_25_2019' on page 11 undefined on input line 202.


Overfull \hbox (4.93987pt too wide) in paragraph at lines 205--206
 [][] \OT1/cmr/m/n/10 La logique d'apprentissage par l'exemple de cette discipline peut ^etre comprise par l'analogie
 []


Package natbib Warning: Citation `haupt_who_2019' on page 11 undefined on input line 208.


Package natbib Warning: Citation `haupt_who_2019' on page 11 undefined on input line 208.


Package natbib Warning: Citation `moore_cramming_1998' on page 11 undefined on input line 211.


Package natbib Warning: Citation `reinsel_digitization_2018' on page 11 undefined on input line 211.

[11 </home/lauga/Documents/memoire/latex/images/grace_2017_chrono_estim_ia.png>]

LaTeX Warning: Reference `fig:internet_minute_2019' on page 12 undefined on input line 214.


Overfull \hbox (11.53697pt too wide) in paragraph at lines 214--215
 [][] \OT1/cmr/m/n/10 Cette immense collection de bits[][][] est accentu^^See gr^ace aux fournisseurs que sont les utilisateurs
 []

<images/internet-minute-2019.jpg, id=133, 823.075pt x 953.5625pt>
File: images/internet-minute-2019.jpg Graphic file (type jpg)
<use images/internet-minute-2019.jpg>
Package pdftex.def Info: images/internet-minute-2019.jpg  used on input line 218.
(pdftex.def)             Requested size: 199.16928pt x 230.73665pt.

Package natbib Warning: Citation `desjardins_what_2019' on page 12 undefined on input line 219.


LaTeX Warning: Reference `fig:apprentissage_supervise' on page 12 undefined on input line 230.

[12 </home/lauga/Documents/memoire/latex/images/internet-minute-2019.jpg>]
<images/apprentissage_supervise.png, id=149, 1035.87pt x 550.055pt>
File: images/apprentissage_supervise.png Graphic file (type png)
<use images/apprentissage_supervise.png>
Package pdftex.def Info: images/apprentissage_supervise.png  used on input line 234.
(pdftex.def)             Requested size: 398.33858pt x 211.52423pt.


LaTeX Warning: Reference `fig:apprentissage_non_supervise' on page 13 undefined on input line 240.

<images/apprentissage_non_supervise.png, id=150, 867.24pt x 387.4475pt>
File: images/apprentissage_non_supervise.png Graphic file (type png)
<use images/apprentissage_non_supervise.png>
Package pdftex.def Info: images/apprentissage_non_supervise.png  used on input line 244.
(pdftex.def)             Requested size: 398.33858pt x 177.96198pt.

Overfull \hbox (7.46765pt too wide) in paragraph at lines 254--255
\OT1/cmr/m/n/10 Bien que chaque projet de Machine Learning soit diff^^Serent sur le fond, la forme suit globalement
 []


Package natbib Warning: Citation `jordan_organizing_2018' on page 13 undefined on input line 258.

[13 </home/lauga/Documents/memoire/latex/images/apprentissage_supervise.png>]

Package natbib Warning: Citation `mayo_machine_2018' on page 14 undefined on input line 261.


Package natbib Warning: Citation `mayo_machine_2018' on page 14 undefined on input line 267.

[14 </home/lauga/Documents/memoire/latex/images/apprentissage_non_supervise.png>]

Package natbib Warning: Citation `figure_eight_state_2019' on page 15 undefined on input line 270.


LaTeX Warning: Reference `subsubsection:ia_auj' on page 15 undefined on input line 270.


LaTeX Warning: Reference `eq:accuracy' on page 15 undefined on input line 273.


Package natbib Warning: Citation `figure_eight_state_2019' on page 15 undefined on input line 283.


LaTeX Warning: File `ressources/pipeline_ml_project.png' not found on input line 287.


/home/lauga/Documents/memoire/latex/memoire.tex:287: Package pdftex.def Error: File `ressources/pipeline_ml_project.png' not found: using draft setting.

See the pdftex.def package documentation for explanation.
Type  H <return>  for immediate help.
 ...                                              
                                                  
l.287 ...dth]{ressources/pipeline_ml_project.png}}
                                                  
Try typing  <return>  to proceed.
If that doesn't work, type  X <return>  to quit.


Package natbib Warning: Citation `harari_sapiens:_2015' on page 15 undefined on input line 304.

[15]

Package natbib Warning: Citation `sumner_folkways_1906' on page 16 undefined on input line 310.


Package natbib Warning: Citation `ducat_du_2017' on page 16 undefined on input line 310.


Package natbib Warning: Citation `nietzsche_genealogie_1900' on page 16 undefined on input line 322.

[16]

Package natbib Warning: Citation `kant_fondements_2007' on page 17 undefined on input line 343.


Overfull \hbox (10.18977pt too wide) in paragraph at lines 343--344
 [][] \OT1/cmr/m/n/10 Dans cette pens^^See du r^^Sealisme, une branche morale est assez populaire, celle de la d^^Seontologie.
 []

[17]

Package natbib Warning: Citation `kohlberg_moral_1977' on page 18 undefined on input line 361.


LaTeX Warning: Reference `subsec:ethique' on page 18 undefined on input line 376.


Overfull \hbox (12.16203pt too wide) in paragraph at lines 376--377
\OT1/cmr/m/n/10 (C.F. section []), il n'est pas possible d'avoir une d^^Sefinition de principes ^^Sethiques, objectivement
 []


Package natbib Warning: Citation `villani_donner_2018' on page 18 undefined on input line 379.

[18]

Package natbib Warning: Citation `tran_selection_2017' on page 19 undefined on input line 387.


Package natbib Warning: Citation `tual_peine_2016' on page 19 undefined on input line 390.


Package natbib Warning: Citation `greenwald_implicit_1995' on page 19 undefined on input line 393.


Package natbib Warning: Citation `larson_how_2016' on page 19 undefined on input line 393.

[19]

Package natbib Warning: Citation `gilpin_explaining_2018' on page 20 undefined on input line 404.


LaTeX Warning: Reference `fig:interpretabilite_ia' on page 20 undefined on input line 407.


Overfull \hbox (5.91199pt too wide) in paragraph at lines 407--408
 [][] \OT1/cmr/m/n/10 La figure [] illustre en abscisse l'interpr^^Setabilit^^Se d'un mod^^Rele et en ordonn^^See sa performance,
 []

<images/interpretabilite_ia.png, id=260, 2818.53pt x 984.67876pt>
File: images/interpretabilite_ia.png Graphic file (type png)
<use images/interpretabilite_ia.png>
Package pdftex.def Info: images/interpretabilite_ia.png  used on input line 411.
(pdftex.def)             Requested size: 398.33858pt x 139.16125pt.

Package natbib Warning: Citation `data_for_good_serment_2018' on page 20 undefined on input line 412.


Package natbib Warning: Citation `gilpin_explaining_2018' on page 20 undefined on input line 417.


Overfull \hbox (6.18985pt too wide) in paragraph at lines 417--418
 [][] \OT1/cmr/m/n/10 Alors, la r^^Sesignation d'avoir des algorithmes compr^^Sehensibles par l'humain est-elle n^^Secessaire
 []


Package natbib Warning: Citation `radford_language_2019' on page 20 undefined on input line 426.

[20]

Package natbib Warning: Citation `clement_global_2019' on page 21 undefined on input line 437.


Package natbib Warning: Citation `kramer_correction_2014' on page 21 undefined on input line 437.


Package natbib Warning: Citation `desjardins_infographic:_2018' on page 21 undefined on input line 440.


Package natbib Warning: Citation `launay_urnes_2012' on page 21 undefined on input line 443.


Overfull \hbox (8.16203pt too wide) in paragraph at lines 443--444
 [][] \OT1/cmr/m/n/10 Cette source de m^^Sedia en ligne, ^^Setant alors une source irr^^Sefutable de distraction, connaissance
 []


Overfull \hbox (6.82863pt too wide) in paragraph at lines 446--447
\OT1/cmr/m/n/10 pour des r^^Seflexions aussi pouss^^Sees que les impacts sociaux issus de leurs intelligences artificielles
 []


Package natbib Warning: Citation `cointe_ethical_2017' on page 21 undefined on input line 449.

[21]

Package natbib Warning: Citation `data_for_good_serment_2018' on page 22 undefined on input line 452.


Overfull \hbox (7.91202pt too wide) in paragraph at lines 452--453
\OT1/cmr/m/n/10 transparentes et moins biais^^Sees, qu'elles soient plus justes, est bien pr^^Sesent dans la communaut^^Se
 []


LaTeX Warning: Reference `fig:moral_machine' on page 22 undefined on input line 469.


Package natbib Warning: Citation `awad_moral_2018' on page 22 undefined on input line 469.

<images/moral_machine.png, id=291, 597.23125pt x 316.18124pt>
File: images/moral_machine.png Graphic file (type png)
<use images/moral_machine.png>
Package pdftex.def Info: images/moral_machine.png  used on input line 473.
(pdftex.def)             Requested size: 398.33858pt x 210.88507pt.

Package natbib Warning: Citation `shepardson_waymo_2018' on page 22 undefined on input line 479.

[22]

Package natbib Warning: Citation `hoang_roadmap_2018' on page 23 undefined on input line 485.


Package natbib Warning: Citation `irving_ai_2019' on page 23 undefined on input line 488.


Package natbib Warning: Citation `cointe_ethical_2017' on page 23 undefined on input line 491.


Package natbib Warning: Citation `irving_ai_2019' on page 23 undefined on input line 491.


Package natbib Warning: Citation `morley_what_2019' on page 23 undefined on input line 502.


Package natbib Warning: Citation `turilli_ethical_2007' on page 23 undefined on input line 502.


Overfull \hbox (7.93864pt too wide) in paragraph at lines 502--503
 [][] \OT1/cmr/m/n/10 La recherche sur l'IA ^^Sethique a fait couler de l'encre r^^Secemment, en effet les recommandations
 []

[23]

Package natbib Warning: Citation `floridi_unified_2019' on page 24 undefined on input line 505.


Package natbib Warning: Citation `beauchamp_principles_2009' on page 24 undefined on input line 505.


LaTeX Warning: Reference `fig:principes_ia_ethique' on page 24 undefined on input line 505.

<images/5_principles_ai_ethics.png, id=319, 803.0pt x 241.90375pt>
File: images/5_principles_ai_ethics.png Graphic file (type png)
<use images/5_principles_ai_ethics.png>
Package pdftex.def Info: images/5_principles_ai_ethics.png  used on input line 508.
(pdftex.def)             Requested size: 398.33858pt x 120.00294pt.

Package natbib Warning: Citation `floridi_unified_2019' on page 24 undefined on input line 509.


Package natbib Warning: Citation `european_commission_ethics_2019' on page 24 undefined on input line 514.


Package natbib Warning: Citation `floridi_unified_2019' on page 24 undefined on input line 517.


Package natbib Warning: Citation `russell_interview_2019' on page 24 undefined on input line 520.


Overfull \hbox (2.82867pt too wide) in paragraph at lines 526--527
\OT1/cmr/m/n/10 utilisateurs finaux), cela permettra de croiser les opinions et de s'assurer de la pertinence
 []

[24]

Package natbib Warning: Citation `floridi_unified_2019' on page 25 undefined on input line 536.


Overfull \hbox (4.52324pt too wide) in paragraph at lines 545--546
[]\OT1/cmr/m/n/10 Mesure de performance : s'assurer du bon fonctionnement du mod^^Rele avec une validation
 []


Overfull \hbox (25.99545pt too wide) in paragraph at lines 547--548
[]\OT1/cmr/m/n/10 L'impact social : quels attributs sociaux sont pris en compte dans les donn^^Sees d'entra^^^Pnement.
 []


Package natbib Warning: Citation `universite_de_montreal_declaration_2017' on page 25 undefined on input line 554.


Package natbib Warning: Citation `ege_ethics_2018' on page 25 undefined on input line 554.


Package natbib Warning: Citation `uk_parliament_house_2017' on page 25 undefined on input line 554.


Package natbib Warning: Citation `floridi_unified_2019' on page 25 undefined on input line 564.

[25]

Package natbib Warning: Citation `floridi_unified_2019' on page 26 undefined on input line 583.


LaTeX Warning: Reference `subsec:ia' on page 26 undefined on input line 599.


LaTeX Warning: Reference `fig:chrono_estim_ia' on page 26 undefined on input line 599.


Overfull \hbox (4.02318pt too wide) in paragraph at lines 599--600
 [][] \OT1/cmr/m/n/10 Pour rappel, la probl^^Sematique de ce m^^Semoire pose le cadre sur deux domaines : l'intelligence
 []

[26]

LaTeX Warning: Reference `subsec:ethique_origine_bon' on page 27 undefined on input line 602.


LaTeX Warning: Reference `subsec:ethique_jugement_chacun' on page 27 undefined on input line 602.


LaTeX Warning: Reference `subsec:ia_ethique' on page 27 undefined on input line 605.


Overfull \hbox (9.52324pt too wide) in paragraph at lines 614--615
 [][] \OT1/cmr/m/n/10 La transparence s'axera sur l'interpr^^Setabilit^^Se du mod^^Rele, sa capacit^^Se ^^Ra fournir des explications
 []


Overfull \hbox (17.57867pt too wide) in paragraph at lines 617--618
 [][] \OT1/cmr/m/n/10 Enfin, les impacts sociaux s'inscriront dans la d^^Semarche de poser les questions des cons^^Sequences
 []

[27] [28] [29] [30]
No file memoire.bbl.

Underfull \hbox (badness 2269) in paragraph at lines 726--726
[]|\OT1/cmr/m/n/10 Solutions de secours et
 []


Underfull \hbox (badness 10000) in paragraph at lines 730--730
[]|\OT1/cmr/m/n/10 Fiabilit^^Se et
 []


Underfull \hbox (badness 1708) in paragraph at lines 746--746
[]|\OT1/cmr/m/n/10 Qualit^^Se et int^^Segrit^^Se des
 []


Underfull \hbox (badness 10000) in paragraph at lines 784--784
[]|\OT1/cmr/m/n/10 Est-ce qu'^^Ra minima, un.e des
 []


Underfull \hbox (badness 5431) in paragraph at lines 784--784
\OT1/cmr/m/n/10 commanditaire, un.e d^^Seveloppeur.se
 []


Underfull \hbox (badness 6047) in paragraph at lines 800--800
[]|\OT1/cmr/m/n/10 Est-ce que le mod^^Rele peut avoir
 []


Underfull \hbox (badness 10000) in paragraph at lines 800--800
\OT1/cmr/m/n/10 une incidence sociale sur un.e
 []


Underfull \hbox (badness 1226) in paragraph at lines 800--800
\OT1/cmr/m/n/10 utilisateur.rice ? Par exemple, un
 []

[31]
Underfull \hbox (badness 10000) in paragraph at lines 818--818
[]|\OT1/cmr/m/n/10 Minimisation et
 []


Underfull \hbox (badness 10000) in paragraph at lines 818--818
\OT1/cmr/m/n/10 documentation des
 []


Underfull \hbox (badness 10000) in paragraph at lines 820--820
[]|\OT1/cmr/m/n/10 Documentation des
 []


Package natbib Warning: There were undefined citations.

Package atveryend Info: Empty hook `BeforeClearDocument' on input line 828.
[32] [33] [34 </home/lauga/Documents/memoire/latex/images/interpretabilite_ia.png

pdfTeX warning: pdflatex (file /home/lauga/Documents/memoire/latex/images/interpretabilite_ia.png): large interlaced PNG might cause out of memory (use non-interlaced PNG to fix this)
> </home/lauga/Documents/memoire/latex/images/moral_machine.png> </home/lauga/Documents/memoire/latex/images/5_principles_ai_ethics.png>]
Package atveryend Info: Empty hook `AfterLastShipout' on input line 828.
 (/home/lauga/Documents/memoire/latex/memoire.aux)
Package atveryend Info: Executing hook `AtVeryEndDocument' on input line 828.
Package atveryend Info: Executing hook `AtEndAfterFileList' on input line 828.


Package rerunfilecheck Warning: File `memoire.out' has changed.
(rerunfilecheck)                Rerun to get outlines right
(rerunfilecheck)                or use package `bookmark'.

Package rerunfilecheck Info: Checksums for `memoire.out':
(rerunfilecheck)             Before: <no file>
(rerunfilecheck)             After:  DDEA993903B34D2A6C67F759AE72D63F;2925.

LaTeX Warning: There were undefined references.


LaTeX Warning: Label(s) may have changed. Rerun to get cross-references right.

Package atveryend Info: Empty hook `AtVeryVeryEnd' on input line 828.
 ) 
Here is how much of TeX's memory you used:
 7638 strings out of 494510
 110413 string characters out of 6176236
 225503 words of memory out of 5000000
 10971 multiletter control sequences out of 15000+600000
 10107 words of font info for 37 fonts, out of 8000000 for 9000
 36 hyphenation exceptions out of 8191
 28i,9n,32p,1071b,402s stack positions out of 5000i,500n,10000p,200000b,80000s
</usr/share/texlive/texmf-dist/fonts/type1/public/amsfonts/cm/cmbx10.pfb></usr/share/texlive/texmf-dist/fonts/type1/public/amsfonts/cm/cmbx12.pfb></usr/share/texlive/texmf-dist/fonts/type1/public/amsfonts/cm/cmbx8.pfb></usr/share/texlive/texmf-dist/fonts/type1/public/amsfonts/cm/cmbx9.pfb></usr/share/texlive/texmf-dist/fonts/type1/public/amsfonts/cm/cmmi10.pfb></usr/share/texlive/texmf-dist/fonts/type1/public/amsfonts/cm/cmr10.pfb></usr/share/texlive/texmf-dist/fonts/type1/public/amsfonts/cm/cmr12.pfb></usr/share/texlive/texmf-dist/fonts/type1/public/amsfonts/cm/cmr17.pfb></usr/share/texlive/texmf-dist/fonts/type1/public/amsfonts/cm/cmr6.pfb></usr/share/texlive/texmf-dist/fonts/type1/public/amsfonts/cm/cmr7.pfb></usr/share/texlive/texmf-dist/fonts/type1/public/amsfonts/cm/cmr8.pfb></usr/share/texlive/texmf-dist/fonts/type1/public/amsfonts/cm/cmr9.pfb></usr/share/texlive/texmf-dist/fonts/type1/public/amsfonts/cm/cmsy10.pfb></usr/share/texlive/texmf-dist/fonts/type1/public/amsfonts/cm/cmtt10.pfb>
Output written on /home/lauga/Documents/memoire/latex/memoire.pdf (34 pages, 1125143 bytes).
PDF statistics:
 533 PDF objects out of 1000 (max. 8388607)
 459 compressed objects within 5 object streams
 255 named destinations out of 1000 (max. 500000)
 51 words of extra memory for PDF output out of 10000 (max. 10000000)

