\BOOKMARK [0][-]{chapter*.2}{Introduction}{}% 1
\BOOKMARK [0][-]{chapter.1}{\351tat de l'art}{}% 2
\BOOKMARK [1][-]{section.1.1}{Les donn\351es et l'Intelligence Artificielle}{chapter.1}% 3
\BOOKMARK [2][-]{subsection.1.1.1}{La pr\351face : Test de Turing, Syst\350mes Experts et les Hivers}{section.1.1}% 4
\BOOKMARK [2][-]{subsection.1.1.2}{Le changement des \351chelles de grandeurs : les donn\351es et Big Data}{section.1.1}% 5
\BOOKMARK [2][-]{subsection.1.1.3}{L'Apprentissage de la Machine}{section.1.1}% 6
\BOOKMARK [3][-]{subsubsection.1.1.3.1}{L'Apprentissage Supervis\351 et Non Supervis\351}{subsection.1.1.3}% 7
\BOOKMARK [3][-]{subsubsection.1.1.3.2}{Le processus de cr\351ation d'une IA}{subsection.1.1.3}% 8
\BOOKMARK [2][-]{subsection.1.1.4}{Fiction ou R\351alit\351 : l'Intelligence Artificielle plus forte que les Humains}{section.1.1}% 9
\BOOKMARK [3][-]{subsubsection.1.1.4.1}{L'av\350nement de l'Intellect des Machines : Deep Learning}{subsection.1.1.4}% 10
\BOOKMARK [3][-]{subsubsection.1.1.4.2}{Les Intelligences Artificielles de demain : la singularit\351}{subsection.1.1.4}% 11
\BOOKMARK [1][-]{section.1.2}{L'\351thique, la science de la Morale}{chapter.1}% 12
\BOOKMARK [2][-]{subsection.1.2.1}{L'origine du Bon, Histoire et Philosophie : Nietzsche}{section.1.2}% 13
\BOOKMARK [2][-]{subsection.1.2.2}{Philosophie, l'\351thique Normative}{section.1.2}% 14
\BOOKMARK [3][-]{subsubsection.1.2.2.1}{Aristote et l'\351thique de la vertu}{subsection.1.2.2}% 15
\BOOKMARK [3][-]{subsubsection.1.2.2.2}{La Morale D\351ontologique : Kant et le mensonge}{subsection.1.2.2}% 16
\BOOKMARK [3][-]{subsubsection.1.2.2.3}{Le Cons\351quentialisme}{subsection.1.2.2}% 17
\BOOKMARK [2][-]{subsection.1.2.3}{La Morale en Science}{section.1.2}% 18
\BOOKMARK [3][-]{subsubsection.1.2.3.1}{L'Approche par la Culture et la Personnalit\351 : le Culturalisme}{subsection.1.2.3}% 19
\BOOKMARK [3][-]{subsubsection.1.2.3.2}{Le cerveau pr\351cabl\351 pour la Morale : l'hypoth\350se Naturaliste}{subsection.1.2.3}% 20
\BOOKMARK [1][-]{section.1.3}{La question de l'\351thique pour les algorithmes intelligents}{chapter.1}% 21
\BOOKMARK [2][-]{subsection.1.3.1}{Les probl\350mes du Pr\351sent}{section.1.3}% 22
\BOOKMARK [3][-]{subsubsection.1.3.1.1}{La Discrimiation des algorithmes : les biais}{subsection.1.3.1}% 23
\BOOKMARK [3][-]{subsubsection.1.3.1.2}{Ouvrir la bo\356te noire : Interpr\351tabilit\351 et Explicabilit\351}{subsection.1.3.1}% 24
\BOOKMARK [3][-]{subsubsection.1.3.1.3}{Les cr\351ateurs des IA, architectes de notre quotidien}{subsection.1.3.1}% 25
\BOOKMARK [2][-]{subsection.1.3.2}{Une IA de confiance selon la Commission Europ\351enne}{section.1.3}% 26
\BOOKMARK [2][-]{subsection.1.3.3}{Les Dilemmes Moraux pour les Machines}{section.1.3}% 27
\BOOKMARK [3][-]{subsubsection.1.3.3.1}{Expliciter la morale des humains : Moral Machine}{subsection.1.3.3}% 28
\BOOKMARK [3][-]{subsubsection.1.3.3.2}{La d\351cision par l'Al\351atoire : Alexei Grinbaum}{subsection.1.3.3}% 29
\BOOKMARK [1][-]{section.1.4}{Synth\350se}{chapter.1}% 30
\BOOKMARK [0][-]{chapter.2}{Solution : une bo\356te \340 outils transparente}{}% 31
\BOOKMARK [1][-]{section.2.1}{Travaux connexes}{chapter.2}% 32
\BOOKMARK [2][-]{subsection.2.1.1}{Analyser les biais au sein d'une IA}{section.2.1}% 33
\BOOKMARK [3][-]{subsubsection.2.1.1.1}{Mesure des biais : calculer l'impact social}{subsection.2.1.1}% 34
\BOOKMARK [3][-]{subsubsection.2.1.1.2}{AIF360 : AI Fairness 360 par IBM}{subsection.2.1.1}% 35
\BOOKMARK [2][-]{subsection.2.1.2}{L'explication des r\351sultats d'une IA}{section.2.1}% 36
\BOOKMARK [3][-]{subsubsection.2.1.2.1}{LIME : Local Interpretable Model-agnostic Explanations}{subsection.2.1.2}% 37
\BOOKMARK [3][-]{subsubsection.2.1.2.2}{SHAP : SHapley Additive exPlanations}{subsection.2.1.2}% 38
\BOOKMARK [2][-]{subsection.2.1.3}{Autres ressources}{section.2.1}% 39
\BOOKMARK [3][-]{subsubsection.2.1.3.1}{Machine Learning Canvas}{subsection.2.1.3}% 40
\BOOKMARK [3][-]{subsubsection.2.1.3.2}{Analyse de l'impact environnemental d'un mod\350le}{subsection.2.1.3}% 41
\BOOKMARK [1][-]{section.2.2}{TransparentAI : de la th\351orie \340 la pratique}{chapter.2}% 42
\BOOKMARK [2][-]{subsection.2.2.1}{Contexte}{section.2.2}% 43
\BOOKMARK [2][-]{subsection.2.2.2}{Finalit\351 : une IA est-elle \351thique ?}{section.2.2}% 44
\BOOKMARK [2][-]{subsection.2.2.3}{Structure}{section.2.2}% 45
\BOOKMARK [2][-]{subsection.2.2.4}{Philosophie de l'outil}{section.2.2}% 46
\BOOKMARK [1][-]{section.2.3}{Synth\350se}{chapter.2}% 47
\BOOKMARK [0][-]{chapter.3}{Plan de recherche}{}% 48
\BOOKMARK [0][-]{chapter.4}{Exp\351rience}{}% 49
\BOOKMARK [0][-]{chapter*.201}{Conclusion}{}% 50
