This is pdfTeX, Version 3.14159265-2.6-1.40.20 (TeX Live 2019/Debian) (preloaded format=pdflatex 2020.3.11)  21 JUN 2020 11:31
entering extended mode
 restricted \write18 enabled.
 file:line:error style messages enabled.
 %&-line parsing enabled.
**/home/lauga/Documents/memoire/latex/new_memoire.tex
(/home/lauga/Documents/memoire/latex/new_memoire.tex
LaTeX2e <2018-12-01>
(/usr/share/texlive/texmf-dist/tex/latex/base/report.cls
Document Class: report 2018/09/03 v1.4i Standard LaTeX document class
(/usr/share/texlive/texmf-dist/tex/latex/base/size10.clo
File: size10.clo 2018/09/03 v1.4i Standard LaTeX file (size option)
)
\c@part=\count80
\c@chapter=\count81
\c@section=\count82
\c@subsection=\count83
\c@subsubsection=\count84
\c@paragraph=\count85
\c@subparagraph=\count86
\c@figure=\count87
\c@table=\count88
\abovecaptionskip=\skip41
\belowcaptionskip=\skip42
\bibindent=\dimen102
) (/usr/share/texlive/texmf-dist/tex/latex/natbib/natbib.sty
Package: natbib 2010/09/13 8.31b (PWD, AO)
\bibhang=\skip43
\bibsep=\skip44
LaTeX Info: Redefining \cite on input line 694.
\c@NAT@ctr=\count89
) (/usr/share/texlive/texmf-dist/tex/latex/geometry/geometry.sty
Package: geometry 2018/04/16 v5.8 Page Geometry
 (/usr/share/texlive/texmf-dist/tex/latex/graphics/keyval.sty
Package: keyval 2014/10/28 v1.15 key=value parser (DPC)
\KV@toks@=\toks14
) (/usr/share/texlive/texmf-dist/tex/generic/oberdiek/ifpdf.sty
Package: ifpdf 2018/09/07 v3.3 Provides the ifpdf switch
) (/usr/share/texlive/texmf-dist/tex/generic/oberdiek/ifvtex.sty
Package: ifvtex 2016/05/16 v1.6 Detect VTeX and its facilities (HO)
Package ifvtex Info: VTeX not detected.
) (/usr/share/texlive/texmf-dist/tex/generic/ifxetex/ifxetex.sty
Package: ifxetex 2010/09/12 v0.6 Provides ifxetex conditional
)
\Gm@cnth=\count90
\Gm@cntv=\count91
\c@Gm@tempcnt=\count92
\Gm@bindingoffset=\dimen103
\Gm@wd@mp=\dimen104
\Gm@odd@mp=\dimen105
\Gm@even@mp=\dimen106
\Gm@layoutwidth=\dimen107
\Gm@layoutheight=\dimen108
\Gm@layouthoffset=\dimen109
\Gm@layoutvoffset=\dimen110
\Gm@dimlist=\toks15
) (/usr/share/texlive/texmf-dist/tex/generic/babel/babel.sty
Package: babel 2019/06/03 3.32 The Babel package
 (/usr/share/texlive/texmf-dist/tex/generic/babel/switch.def
File: switch.def 2019/06/03 3.32 Babel switching mechanism
)
Package babel Info: You haven't specified a language. I'll use 'nil'
(babel)             as the main language. Reported on input line 568.
 (/usr/share/texlive/texmf-dist/tex/generic/babel/nil.ldf
Language: nil 2019/06/03 3.32 Nil language
 (/usr/share/texlive/texmf-dist/tex/generic/babel/babel.def
File: babel.def 2019/06/03 3.32 Babel common definitions
\babel@savecnt=\count93
\U@D=\dimen111
 (/usr/share/texlive/texmf-dist/tex/generic/babel/txtbabel.def)
\bbl@dirlevel=\count94
)
\l@nil=\language5
)) (/usr/share/texlive/texmf-dist/tex/latex/xcolor/xcolor.sty
Package: xcolor 2016/05/11 v2.12 LaTeX color extensions (UK)
 (/usr/share/texlive/texmf-dist/tex/latex/graphics-cfg/color.cfg
File: color.cfg 2016/01/02 v1.6 sample color configuration
)
Package xcolor Info: Driver file: pdftex.def on input line 225.
 (/usr/share/texlive/texmf-dist/tex/latex/graphics-def/pdftex.def
File: pdftex.def 2018/01/08 v1.0l Graphics/color driver for pdftex
)
Package xcolor Info: Model `cmy' substituted by `cmy0' on input line 1348.
Package xcolor Info: Model `hsb' substituted by `rgb' on input line 1352.
Package xcolor Info: Model `RGB' extended on input line 1364.
Package xcolor Info: Model `HTML' substituted by `rgb' on input line 1366.
Package xcolor Info: Model `Hsb' substituted by `hsb' on input line 1367.
Package xcolor Info: Model `tHsb' substituted by `hsb' on input line 1368.
Package xcolor Info: Model `HSB' substituted by `hsb' on input line 1369.
Package xcolor Info: Model `Gray' substituted by `gray' on input line 1370.
Package xcolor Info: Model `wave' substituted by `hsb' on input line 1371.
) (/usr/share/texlive/texmf-dist/tex/latex/graphics/graphicx.sty
Package: graphicx 2017/06/01 v1.1a Enhanced LaTeX Graphics (DPC,SPQR)
 (/usr/share/texlive/texmf-dist/tex/latex/graphics/graphics.sty
Package: graphics 2017/06/25 v1.2c Standard LaTeX Graphics (DPC,SPQR)
 (/usr/share/texlive/texmf-dist/tex/latex/graphics/trig.sty
Package: trig 2016/01/03 v1.10 sin cos tan (DPC)
) (/usr/share/texlive/texmf-dist/tex/latex/graphics-cfg/graphics.cfg
File: graphics.cfg 2016/06/04 v1.11 sample graphics configuration
)
Package graphics Info: Driver file: pdftex.def on input line 99.
)
\Gin@req@height=\dimen112
\Gin@req@width=\dimen113
) (/usr/share/texlive/texmf-dist/tex/latex/hyperref/hyperref.sty
Package: hyperref 2018/11/30 v6.88e Hypertext links for LaTeX
 (/usr/share/texlive/texmf-dist/tex/generic/oberdiek/hobsub-hyperref.sty
Package: hobsub-hyperref 2016/05/16 v1.14 Bundle oberdiek, subset hyperref (HO)
 (/usr/share/texlive/texmf-dist/tex/generic/oberdiek/hobsub-generic.sty
Package: hobsub-generic 2016/05/16 v1.14 Bundle oberdiek, subset generic (HO)
Package: hobsub 2016/05/16 v1.14 Construct package bundles (HO)
Package: infwarerr 2016/05/16 v1.4 Providing info/warning/error messages (HO)
Package: ltxcmds 2016/05/16 v1.23 LaTeX kernel commands for general use (HO)
Package: ifluatex 2016/05/16 v1.4 Provides the ifluatex switch (HO)
Package ifluatex Info: LuaTeX not detected.
Package hobsub Info: Skipping package `ifvtex' (already loaded).
Package: intcalc 2016/05/16 v1.2 Expandable calculations with integers (HO)
Package hobsub Info: Skipping package `ifpdf' (already loaded).
Package: etexcmds 2016/05/16 v1.6 Avoid name clashes with e-TeX commands (HO)
Package: kvsetkeys 2016/05/16 v1.17 Key value parser (HO)
Package: kvdefinekeys 2016/05/16 v1.4 Define keys (HO)
Package: pdftexcmds 2018/09/10 v0.29 Utility functions of pdfTeX for LuaTeX (HO)
Package pdftexcmds Info: LuaTeX not detected.
Package pdftexcmds Info: \pdf@primitive is available.
Package pdftexcmds Info: \pdf@ifprimitive is available.
Package pdftexcmds Info: \pdfdraftmode found.
Package: pdfescape 2016/05/16 v1.14 Implements pdfTeX's escape features (HO)
Package: bigintcalc 2016/05/16 v1.4 Expandable calculations on big integers (HO)
Package: bitset 2016/05/16 v1.2 Handle bit-vector datatype (HO)
Package: uniquecounter 2016/05/16 v1.3 Provide unlimited unique counter (HO)
)
Package hobsub Info: Skipping package `hobsub' (already loaded).
Package: letltxmacro 2016/05/16 v1.5 Let assignment for LaTeX macros (HO)
Package: hopatch 2016/05/16 v1.3 Wrapper for package hooks (HO)
Package: xcolor-patch 2016/05/16 xcolor patch
Package: atveryend 2016/05/16 v1.9 Hooks at the very end of document (HO)
Package atveryend Info: \enddocument detected (standard20110627).
Package: atbegshi 2016/06/09 v1.18 At begin shipout hook (HO)
Package: refcount 2016/05/16 v3.5 Data extraction from label references (HO)
Package: hycolor 2016/05/16 v1.8 Color options for hyperref/bookmark (HO)
) (/usr/share/texlive/texmf-dist/tex/latex/oberdiek/auxhook.sty
Package: auxhook 2016/05/16 v1.4 Hooks for auxiliary files (HO)
) (/usr/share/texlive/texmf-dist/tex/latex/oberdiek/kvoptions.sty
Package: kvoptions 2016/05/16 v3.12 Key value format for package options (HO)
)
\@linkdim=\dimen114
\Hy@linkcounter=\count95
\Hy@pagecounter=\count96
 (/usr/share/texlive/texmf-dist/tex/latex/hyperref/pd1enc.def
File: pd1enc.def 2018/11/30 v6.88e Hyperref: PDFDocEncoding definition (HO)
Now handling font encoding PD1 ...
... no UTF-8 mapping file for font encoding PD1
)
\Hy@SavedSpaceFactor=\count97
 (/usr/share/texlive/texmf-dist/tex/latex/latexconfig/hyperref.cfg
File: hyperref.cfg 2002/06/06 v1.2 hyperref configuration of TeXLive
)
Package hyperref Info: Hyper figures OFF on input line 4519.
Package hyperref Info: Link nesting OFF on input line 4524.
Package hyperref Info: Hyper index ON on input line 4527.
Package hyperref Info: Plain pages OFF on input line 4534.
Package hyperref Info: Backreferencing OFF on input line 4539.
Package hyperref Info: Implicit mode ON; LaTeX internals redefined.
Package hyperref Info: Bookmarks ON on input line 4772.
\c@Hy@tempcnt=\count98
 (/usr/share/texlive/texmf-dist/tex/latex/url/url.sty
\Urlmuskip=\muskip10
Package: url 2013/09/16  ver 3.4  Verb mode for urls, etc.
)
LaTeX Info: Redefining \url on input line 5125.
\XeTeXLinkMargin=\dimen115
\Fld@menulength=\count99
\Field@Width=\dimen116
\Fld@charsize=\dimen117
Package hyperref Info: Hyper figures OFF on input line 6380.
Package hyperref Info: Link nesting OFF on input line 6385.
Package hyperref Info: Hyper index ON on input line 6388.
Package hyperref Info: backreferencing OFF on input line 6395.
Package hyperref Info: Link coloring OFF on input line 6400.
Package hyperref Info: Link coloring with OCG OFF on input line 6405.
Package hyperref Info: PDF/A mode OFF on input line 6410.
LaTeX Info: Redefining \ref on input line 6450.
LaTeX Info: Redefining \pageref on input line 6454.
\Hy@abspage=\count100
\c@Item=\count101
\c@Hfootnote=\count102
)
Package hyperref Info: Driver (autodetected): hpdftex.
 (/usr/share/texlive/texmf-dist/tex/latex/hyperref/hpdftex.def
File: hpdftex.def 2018/11/30 v6.88e Hyperref driver for pdfTeX
\Fld@listcount=\count103
\c@bookmark@seq@number=\count104
 (/usr/share/texlive/texmf-dist/tex/latex/oberdiek/rerunfilecheck.sty
Package: rerunfilecheck 2016/05/16 v1.8 Rerun checks for auxiliary files (HO)
Package uniquecounter Info: New unique counter `rerunfilecheck' on input line 282.
)
\Hy@SectionHShift=\skip45
) (/usr/share/texlive/texmf-dist/tex/latex/enumitem/enumitem.sty
Package: enumitem 2019/06/20 v3.9 Customized lists
\labelindent=\skip46
\enit@outerparindent=\dimen118
\enit@toks=\toks16
\enit@inbox=\box27
\enit@count@id=\count105
\enitdp@description=\count106
) (/usr/share/texlive/texmf-dist/tex/latex/tools/tabularx.sty
Package: tabularx 2016/02/03 v2.11b `tabularx' package (DPC)
 (/usr/share/texlive/texmf-dist/tex/latex/tools/array.sty
Package: array 2018/12/30 v2.4k Tabular extension package (FMi)
\col@sep=\dimen119
\ar@mcellbox=\box28
\extrarowheight=\dimen120
\NC@list=\toks17
\extratabsurround=\skip47
\backup@length=\skip48
\ar@cellbox=\box29
)
\TX@col@width=\dimen121
\TX@old@table=\dimen122
\TX@old@col=\dimen123
\TX@target=\dimen124
\TX@delta=\dimen125
\TX@cols=\count107
\TX@ftn=\toks18
) (/usr/share/texlive/texmf-dist/tex/latex/amsmath/amsmath.sty
Package: amsmath 2018/12/01 v2.17b AMS math features
\@mathmargin=\skip49

For additional information on amsmath, use the `?' option.
(/usr/share/texlive/texmf-dist/tex/latex/amsmath/amstext.sty
Package: amstext 2000/06/29 v2.01 AMS text
 (/usr/share/texlive/texmf-dist/tex/latex/amsmath/amsgen.sty
File: amsgen.sty 1999/11/30 v2.0 generic functions
\@emptytoks=\toks19
\ex@=\dimen126
)) (/usr/share/texlive/texmf-dist/tex/latex/amsmath/amsbsy.sty
Package: amsbsy 1999/11/29 v1.2d Bold Symbols
\pmbraise@=\dimen127
) (/usr/share/texlive/texmf-dist/tex/latex/amsmath/amsopn.sty
Package: amsopn 2016/03/08 v2.02 operator names
)
\inf@bad=\count108
LaTeX Info: Redefining \frac on input line 223.
\uproot@=\count109
\leftroot@=\count110
LaTeX Info: Redefining \overline on input line 385.
\classnum@=\count111
\DOTSCASE@=\count112
LaTeX Info: Redefining \ldots on input line 482.
LaTeX Info: Redefining \dots on input line 485.
LaTeX Info: Redefining \cdots on input line 606.
\Mathstrutbox@=\box30
\strutbox@=\box31
\big@size=\dimen128
LaTeX Font Info:    Redeclaring font encoding OML on input line 729.
LaTeX Font Info:    Redeclaring font encoding OMS on input line 730.
\macc@depth=\count113
\c@MaxMatrixCols=\count114
\dotsspace@=\muskip11
\c@parentequation=\count115
\dspbrk@lvl=\count116
\tag@help=\toks20
\row@=\count117
\column@=\count118
\maxfields@=\count119
\andhelp@=\toks21
\eqnshift@=\dimen129
\alignsep@=\dimen130
\tagshift@=\dimen131
\tagwidth@=\dimen132
\totwidth@=\dimen133
\lineht@=\dimen134
\@envbody=\toks22
\multlinegap=\skip50
\multlinetaggap=\skip51
\mathdisplay@stack=\toks23
LaTeX Info: Redefining \[ on input line 2844.
LaTeX Info: Redefining \] on input line 2845.
) (/home/lauga/Documents/memoire/latex/new_memoire.aux

LaTeX Warning: Label `eq:tpr' multiply defined.

)
\openout1 = `new_memoire.aux'.

LaTeX Font Info:    Checking defaults for OML/cmm/m/it on input line 26.
LaTeX Font Info:    ... okay on input line 26.
LaTeX Font Info:    Checking defaults for T1/cmr/m/n on input line 26.
LaTeX Font Info:    ... okay on input line 26.
LaTeX Font Info:    Checking defaults for OT1/cmr/m/n on input line 26.
LaTeX Font Info:    ... okay on input line 26.
LaTeX Font Info:    Checking defaults for OMS/cmsy/m/n on input line 26.
LaTeX Font Info:    ... okay on input line 26.
LaTeX Font Info:    Checking defaults for OMX/cmex/m/n on input line 26.
LaTeX Font Info:    ... okay on input line 26.
LaTeX Font Info:    Checking defaults for U/cmr/m/n on input line 26.
LaTeX Font Info:    ... okay on input line 26.
LaTeX Font Info:    Checking defaults for PD1/pdf/m/n on input line 26.
LaTeX Font Info:    ... okay on input line 26.

*geometry* driver: auto-detecting
*geometry* detected driver: pdftex
*geometry* verbose mode - [ preamble ] result:
* driver: pdftex
* paper: a4paper
* layout: <same size as paper>
* layoutoffset:(h,v)=(0.0pt,0.0pt)
* modes: 
* h-part:(L,W,R)=(99.58464pt, 398.33858pt, 99.58466pt)
* v-part:(T,H,B)=(101.40665pt, 591.5302pt, 152.11pt)
* \paperwidth=597.50787pt
* \paperheight=845.04684pt
* \textwidth=398.33858pt
* \textheight=591.5302pt
* \oddsidemargin=27.31465pt
* \evensidemargin=27.31465pt
* \topmargin=-7.86334pt
* \headheight=12.0pt
* \headsep=25.0pt
* \topskip=10.0pt
* \footskip=30.0pt
* \marginparwidth=57.0pt
* \marginparsep=11.0pt
* \columnsep=10.0pt
* \skip\footins=9.0pt plus 4.0pt minus 2.0pt
* \hoffset=0.0pt
* \voffset=0.0pt
* \mag=1000
* \@twocolumnfalse
* \@twosidefalse
* \@mparswitchfalse
* \@reversemarginfalse
* (1in=72.27pt=25.4mm, 1cm=28.453pt)

(/usr/share/texlive/texmf-dist/tex/context/base/mkii/supp-pdf.mkii
[Loading MPS to PDF converter (version 2006.09.02).]
\scratchcounter=\count120
\scratchdimen=\dimen135
\scratchbox=\box32
\nofMPsegments=\count121
\nofMParguments=\count122
\everyMPshowfont=\toks24
\MPscratchCnt=\count123
\MPscratchDim=\dimen136
\MPnumerator=\count124
\makeMPintoPDFobject=\count125
\everyMPtoPDFconversion=\toks25
) (/usr/share/texlive/texmf-dist/tex/latex/oberdiek/epstopdf-base.sty
Package: epstopdf-base 2016/05/15 v2.6 Base part for package epstopdf
 (/usr/share/texlive/texmf-dist/tex/latex/oberdiek/grfext.sty
Package: grfext 2016/05/16 v1.2 Manage graphics extensions (HO)
)
Package epstopdf-base Info: Redefining graphics rule for `.eps' on input line 438.
Package grfext Info: Graphics extension search list:
(grfext)             [.pdf,.png,.jpg,.mps,.jpeg,.jbig2,.jb2,.PDF,.PNG,.JPG,.JPEG,.JBIG2,.JB2,.eps]
(grfext)             \AppendGraphicsExtensions on input line 456.
 (/usr/share/texlive/texmf-dist/tex/latex/latexconfig/epstopdf-sys.cfg
File: epstopdf-sys.cfg 2010/07/13 v1.3 Configuration of (r)epstopdf for TeX Live
))
\AtBeginShipoutBox=\box33
Package hyperref Info: Link coloring OFF on input line 26.
 (/usr/share/texlive/texmf-dist/tex/latex/hyperref/nameref.sty
Package: nameref 2016/05/21 v2.44 Cross-referencing by name of section
 (/usr/share/texlive/texmf-dist/tex/generic/oberdiek/gettitlestring.sty
Package: gettitlestring 2016/05/16 v1.5 Cleanup title references (HO)
)
\c@section@level=\count126
)
LaTeX Info: Redefining \ref on input line 26.
LaTeX Info: Redefining \pageref on input line 26.
LaTeX Info: Redefining \nameref on input line 26.
 (/home/lauga/Documents/memoire/latex/new_memoire.out) (/home/lauga/Documents/memoire/latex/new_memoire.out)
\@outlinefile=\write3
\openout3 = `new_memoire.out'.

<images/CEAPC_logo.png, id=241, 577.15625pt x 129.48375pt>
File: images/CEAPC_logo.png Graphic file (type png)
<use images/CEAPC_logo.png>
Package pdftex.def Info: images/CEAPC_logo.png  used on input line 33.
(pdftex.def)             Requested size: 164.86992pt x 36.98866pt.
<images/ynov_informatique_logo.png, id=242, 340.27126pt x 149.55875pt>
File: images/ynov_informatique_logo.png Graphic file (type png)
<use images/ynov_informatique_logo.png>
Package pdftex.def Info: images/ynov_informatique_logo.png  used on input line 35.
(pdftex.def)             Requested size: 97.10292pt x 42.67912pt.
 [1

{/var/lib/texmf/fonts/map/pdftex/updmap/pdftex.map} </home/lauga/Documents/memoire/latex/images/CEAPC_logo.png> </home/lauga/Documents/memoire/latex/images/ynov_informatique_logo.png>] (/home/lauga/Documents/memoire/latex/new_memoire.tocpdfTeX warning (ext4): destination with the same identifier (name{page.1}) has been already used, duplicate ignored
<to be read again> 
                   \relax 
l.221 ... Explanations}{35}{subsubsection.2.1.2.1}
                                                  % [1

])
\tf@toc=\write4
\openout4 = `new_memoire.toc'.

 [2]pdfTeX warning (ext4): destination with the same identifier (name{page.1}) has been already used, duplicate ignored
<to be read again> 
                   \relax 
l.83 \end{abstract}
                    [1]pdfTeX warning (ext4): destination with the same identifier (name{page.1}) has been already used, duplicate ignored
<to be read again> 
                   \relax 
l.96 \chapter
             {\uppercase{é}tat de l'art} [1

]
Chapitre I.

Package hyperref Warning: Token not allowed in a PDF string (PDFDocEncoding):
(hyperref)                removing `\uppercase' on input line 96.


Overfull \hbox (17.46658pt too wide) in paragraph at lines 108--109
\OT1/cmr/m/n/10 la BBC et annonc^^Se d^^Sej^^Ra l'av^^Renement probable des machines intelligentes, o^^Ru plus particuli^^Rerement
 []


Overfull \hbox (18.45851pt too wide) in paragraph at lines 118--119
\OT1/cmr/m/n/10 explosion atomique [[]Bush[], []1945[]]. Dans cet article, nous pouvons y voir les concepts d'ordinateurs,
 []

pdfTeX warning (ext4): destination with the same identifier (name{page.2}) has been already used, duplicate ignored
<to be read again> 
                   \relax 
l.122 
       [2

] [3]
<images/grudin_2009_changing_seasons_ai.png, id=387, 883.3pt x 437.635pt>
File: images/grudin_2009_changing_seasons_ai.png Graphic file (type png)
<use images/grudin_2009_changing_seasons_ai.png>
Package pdftex.def Info: images/grudin_2009_changing_seasons_ai.png  used on input line 143.
(pdftex.def)             Requested size: 398.33858pt x 197.3613pt.
 [4 </home/lauga/Documents/memoire/latex/images/grudin_2009_changing_seasons_ai.png>]
<images/internet-minute-2019.jpg, id=420, 823.075pt x 953.5625pt>
File: images/internet-minute-2019.jpg Graphic file (type jpg)
<use images/internet-minute-2019.jpg>
Package pdftex.def Info: images/internet-minute-2019.jpg  used on input line 169.
(pdftex.def)             Requested size: 159.333pt x 184.5835pt.

Overfull \hbox (11.53697pt too wide) in paragraph at lines 175--176
 [][] \OT1/cmr/m/n/10 Cette immense collection de bits[][][] est accentu^^See gr^ace aux fournisseurs que sont les utilisateurs
 []


Overfull \hbox (13.24545pt too wide) in paragraph at lines 184--185
 [][] $[]$ \OT1/cmr/m/n/10 C'est une descritption math^^Sematique qui se g^^Sen^^Rere ^^Ra partir d'observation,
 []

[5 </home/lauga/Documents/memoire/latex/images/internet-minute-2019.jpg>]
<images/apprentissage_supervise.png, id=446, 1035.87pt x 550.055pt>
File: images/apprentissage_supervise.png Graphic file (type png)
<use images/apprentissage_supervise.png>
Package pdftex.def Info: images/apprentissage_supervise.png  used on input line 205.
(pdftex.def)             Requested size: 318.67207pt x 169.21434pt.
<images/apprentissage_non_supervise.png, id=448, 867.24pt x 387.4475pt>
File: images/apprentissage_non_supervise.png Graphic file (type png)
<use images/apprentissage_non_supervise.png>
Package pdftex.def Info: images/apprentissage_non_supervise.png  used on input line 215.
(pdftex.def)             Requested size: 318.67207pt x 142.37193pt.

Overfull \hbox (7.46765pt too wide) in paragraph at lines 225--226
\OT1/cmr/m/n/10 Bien que chaque projet de Machine Learning soit diff^^Serent sur le fond, la forme suit globalement
 []

[6] [7 </home/lauga/Documents/memoire/latex/images/apprentissage_supervise.png> </home/lauga/Documents/memoire/latex/images/apprentissage_non_supervise.png>]

LaTeX Warning: Reference `subsubsection:ia_auj' on page 8 undefined on input line 240.

[8]
<images/pipeline_ml_project.png, id=505, 964.5636pt x 287.6346pt>
File: images/pipeline_ml_project.png Graphic file (type png)
<use images/pipeline_ml_project.png>
Package pdftex.def Info: images/pipeline_ml_project.png  used on input line 257.
(pdftex.def)             Requested size: 537.75343pt x 160.36765pt.

Overfull \hbox (9.13434pt too wide) in paragraph at lines 270--271
\OT1/cmr/m/n/10 n'^^Setait pas surhumain, en r^^Sealit^^Se il s'agissait de pouvoir calculer tr^^Res rapidement en parall^^Selisant
 []

[9 </home/lauga/Documents/memoire/latex/images/pipeline_ml_project.png>]
<images/perceptron.png, id=537, 486.31688pt x 455.45157pt>
File: images/perceptron.png Graphic file (type png)
<use images/perceptron.png>
Package pdftex.def Info: images/perceptron.png  used on input line 285.
(pdftex.def)             Requested size: 179.25418pt x 167.87508pt.
 [10 </home/lauga/Documents/memoire/latex/images/perceptron.png>]
Overfull \hbox (3.22226pt too wide) in paragraph at lines 296--297
\OT1/cmr/m/n/10 lanc^^See dans ce d^^Sefi au cours de la d^^Secennie actuelle. Son premier "enfant", baptis^^Se "AlphaGo",
 []


Overfull \hbox (3.15276pt too wide) in paragraph at lines 305--306
\OT1/cmr/m/n/10 intelligents. Cr^^Seer des musiques [[]Medeot et al.[], []2018[]], cr^^Seer des peintures au format num^^Serique
 []


Overfull \hbox (19.125pt too wide) in paragraph at lines 313--314
[]\OT1/cmr/m/n/10 ``Depuis 130 000 ans, notre capacit^^Se ^^Ra raisonner est rest^^See inchang^^See. L'intelligence
 []

[11]
Overfull \hbox (9.52316pt too wide) in paragraph at lines 321--322
 [][] \OT1/cmr/m/n/10 Penser qu'une machine aussi intelligente que l'homme est pour tr^^Res bient^ot ou tr^^Res longtemps,
 []


Overfull \hbox (0.91214pt too wide) in paragraph at lines 321--322
\OT1/cmr/m/n/10 meilleure opinion afin d'avoir la meilleure pr^^Sediction ^^Ra la question du passage de la singularit^^Se.
 []

<images/grace_2017_proba_super_ia.png, id=589, 717.68124pt x 517.935pt>
File: images/grace_2017_proba_super_ia.png Graphic file (type png)
<use images/grace_2017_proba_super_ia.png>
Package pdftex.def Info: images/grace_2017_proba_super_ia.png  used on input line 325.
(pdftex.def)             Requested size: 358.50227pt x 258.72975pt.
[12 </home/lauga/Documents/memoire/latex/images/grace_2017_proba_super_ia.png>]
<images/grace_2017_chrono_estim_ia.png, id=605, 676.5275pt x 278.03876pt>
File: images/grace_2017_chrono_estim_ia.png Graphic file (type png)
<use images/grace_2017_chrono_estim_ia.png>
Package pdftex.def Info: images/grace_2017_chrono_estim_ia.png  used on input line 338.
(pdftex.def)             Requested size: 358.50227pt x 147.33862pt.


Package hyperref Warning: Token not allowed in a PDF string (PDFDocEncoding):
(hyperref)                removing `\uppercase' on input line 349.

[13 </home/lauga/Documents/memoire/latex/images/grace_2017_chrono_estim_ia.png>] [14]

Package hyperref Warning: Token not allowed in a PDF string (PDFDocEncoding):
(hyperref)                removing `\uppercase' on input line 388.


Package hyperref Warning: Token not allowed in a PDF string (PDFDocEncoding):
(hyperref)                removing `\uppercase' on input line 397.


Overfull \hbox (5.02325pt too wide) in paragraph at lines 411--412
 [][] \OT1/cmr/m/n/10 Se forcer ^^Ra adopter un comportement vertueux, au sens d'un comportement qu'une personne
 []

[15] [16] [17]
Overfull \hbox (13.35652pt too wide) in paragraph at lines 498--499
 [][] \OT1/cmr/m/n/10 L'hypoth^^Rese du naturalisme peut ^etre ^^Segalement appuy^^See par des exp^^Seriences inter-culturelles,
 []

[18]
Overfull \hbox (29.99593pt too wide) in paragraph at lines 511--511
[]\OT1/cmr/bx/n/14.4 La question de l'[]Ethique pour les algorithmes intelligents 
 []


Package hyperref Warning: Token not allowed in a PDF string (PDFDocEncoding):
(hyperref)                removing `\uppercase' on input line 511.


Overfull \hbox (12.6899pt too wide) in paragraph at lines 518--519
\OT1/cmr/m/n/10 (C.F. section []I.2[]), il n'est pas possible d'avoir une d^^Sefinition de principes ^^Sethiques, objectivement
 []

[19] [20]
Overfull \hbox (6.43985pt too wide) in paragraph at lines 564--565
 [][] \OT1/cmr/m/n/10 La figure []I.9[] illustre en abscisse l'interpr^^Setabilit^^Se d'un mod^^Rele et en ordonn^^See sa performance,
 []

<images/interpretabilite_ia.png, id=787, 2818.53pt x 984.67876pt>
File: images/interpretabilite_ia.png Graphic file (type png)
<use images/interpretabilite_ia.png>
Package pdftex.def Info: images/interpretabilite_ia.png  used on input line 568.
(pdftex.def)             Requested size: 398.33858pt x 139.16125pt.

Overfull \hbox (6.18985pt too wide) in paragraph at lines 574--575
 [][] \OT1/cmr/m/n/10 Alors, la r^^Sesignation d'avoir des algorithmes compr^^Sehensibles par l'humain est-elle n^^Secessaire
 []


Overfull \hbox (11.13316pt too wide) in paragraph at lines 583--584
[]\OT1/cmr/m/n/10 2019[]], IA capable d'^^Secrire des textes cat^^Segorisables de "fake news"[][][] et difficilement discernables
 []

[21 </home/lauga/Documents/memoire/latex/images/interpretabilite_ia.png

pdfTeX warning: pdflatex (file /home/lauga/Documents/memoire/latex/images/interpretabilite_ia.png): large interlaced PNG might cause out of memory (use non-interlaced PNG to fix this)
>]
Overfull \hbox (8.16203pt too wide) in paragraph at lines 600--601
 [][] \OT1/cmr/m/n/10 Cette source de m^^Sedia en ligne, ^^Setant alors une source irr^^Sefutable de distraction, connaissance
 []

[22]
Overfull \hbox (6.82863pt too wide) in paragraph at lines 603--604
\OT1/cmr/m/n/10 pour des r^^Seflexions aussi pouss^^Sees que les impacts sociaux issus de leurs intelligences artificielles
 []


Overfull \hbox (7.91202pt too wide) in paragraph at lines 609--610
\OT1/cmr/m/n/10 transparentes et moins biais^^Sees, qu'elles soient plus justes, est bien pr^^Sesent dans la communaut^^Se
 []

[23]
LaTeX Font Info:    Try loading font information for OMS+cmr on input line 627.
 (/usr/share/texlive/texmf-dist/tex/latex/base/omscmr.fd
File: omscmr.fd 2014/09/29 v2.5h Standard LaTeX font definitions
)
LaTeX Font Info:    Font shape `OMS/cmr/m/n' in size <10> not available
(Font)              Font shape `OMS/cmsy/m/n' tried instead on input line 627.

Overfull \hbox (9.99416pt too wide) in paragraph at lines 633--634
 [][] \OT1/cmr/m/n/10 Bas^^Se sur ces fondements caract^^Serisants une IA de confiance, sept exigences dites ``essentielles''
 []

<images/7_exigences_commission.png, id=867, 743.77875pt x 687.56876pt>
File: images/7_exigences_commission.png Graphic file (type png)
<use images/7_exigences_commission.png>
Package pdftex.def Info: images/7_exigences_commission.png  used on input line 637.
(pdftex.def)             Requested size: 278.83578pt x 257.7642pt.
[24 </home/lauga/Documents/memoire/latex/images/7_exigences_commission.png>]
Overfull \hbox (17.56955pt too wide) in paragraph at lines 644--645
\OT1/cmr/m/n/10 de toute atteinte. Pour assurer une robustesse technique il faut garantir un syst^^Reme d'information
 []


Overfull \hbox (3.5231pt too wide) in paragraph at lines 646--647
\OT1/cmr/m/n/10 2016/679) rentre dans ce cadre en stipulant que les donn^^Sees d'un clients doivent ^etre prot^^Seg^^Sees.
 []


Overfull \hbox (0.45132pt too wide) in paragraph at lines 650--651
 []\OT1/cmr/bx/n/10 5. Diversit^^Se, non-discrimination et ^^Sequit^^Se[] \OT1/cmr/m/n/10 Le respect du principe d'^^Sequit^^Se est essentiel
 []

[25]
Overfull \hbox (23.83075pt too wide) in paragraph at lines 661--662
 []\OT1/cmr/bx/n/10 M^^Sethodes non techniques :[] \OT1/cmr/m/n/10 R^^Seglementation, Codes de conduite, Normalisation, Certification,
 []

[26]
<images/moral_machine.png, id=911, 597.23125pt x 316.18124pt>
File: images/moral_machine.png Graphic file (type png)
<use images/moral_machine.png>
Package pdftex.def Info: images/moral_machine.png  used on input line 684.
(pdftex.def)             Requested size: 398.33858pt x 210.88507pt.

Overfull \hbox (14.45848pt too wide) in paragraph at lines 696--697
\OT1/cmr/m/n/10 l'apprentissage dans le temps [[]Hoang[], []2018[]]. Cette m^^Sethodologie s'axe sur tout le d^^Seveloppement
 []

[27 </home/lauga/Documents/memoire/latex/images/moral_machine.png>]
Overfull \hbox (12.45842pt too wide) in paragraph at lines 702--703
\OT1/cmr/m/n/10 morale par l'observation des cons^^Sequences [[]Cointe[], []2017[]]. Une autre viserait plus l'apprentissage
 []

<images/the_economist_200091219.png, id=942, 493.845pt x 648.4225pt>
File: images/the_economist_200091219.png Graphic file (type png)
<use images/the_economist_200091219.png>
Package pdftex.def Info: images/the_economist_200091219.png  used on input line 725.
(pdftex.def)             Requested size: 159.333pt x 209.20122pt.
[28]
Overfull \hbox (7.48148pt too wide) in paragraph at lines 743--744
 [][] \OT1/cmr/m/n/10 A. Grinbaum rappelle qu'une situation de conflit moral reste assez rare et que par cons^^Sequent
 []


Overfull \hbox (4.02318pt too wide) in paragraph at lines 748--749
 [][] \OT1/cmr/m/n/10 Pour rappel, la probl^^Sematique de ce m^^Semoire pose le cadre sur deux domaines : l'intelligence
 []

[29 </home/lauga/Documents/memoire/latex/images/the_economist_200091219.png>]
Overfull \hbox (3.21765pt too wide) in paragraph at lines 760--761
\OT1/cmr/m/n/10 des cons^^Sequences que celui-ci peut avoir pour un groupe d'individus ou pour un cas particulier,
 []

[30]
Chapitre II.

Overfull \hbox (7.81944pt too wide) in paragraph at lines 777--778
\OT1/cmr/m/n/10 encore de changement r^^Seel dans la conception des syst^^Remes algorithmiques. Comme
 []

[31

] [32] [33]
<images/aif360_pipeline.png, id=1042, 1150.2975pt x 601.24625pt>
File: images/aif360_pipeline.png Graphic file (type png)
<use images/aif360_pipeline.png>
Package pdftex.def Info: images/aif360_pipeline.png  used on input line 906.
(pdftex.def)             Requested size: 537.75343pt x 281.08119pt.

Overfull \hbox (1.32883pt too wide) in paragraph at lines 911--912
\OT1/cmr/m/n/10 l'entra^^^Pnement du mod^^Rele, pour un ``in-processor'', le travail s'effectue pendant l'entra^^^Pnement
 []

[34] [35 </home/lauga/Documents/memoire/latex/images/aif360_pipeline.png>] [36] [37]
<images/ml_canvas.jpeg, id=1119, 1296.845pt x 1028.84375pt>
File: images/ml_canvas.jpeg Graphic file (type jpg)
<use images/ml_canvas.jpeg>
Package pdftex.def Info: images/ml_canvas.jpeg  used on input line 1015.
(pdftex.def)             Requested size: 318.67207pt x 252.81462pt.
 [38 </home/lauga/Documents/memoire/latex/images/ml_canvas.jpeg>]
Overfull \hbox (4.3011pt too wide) in paragraph at lines 1032--1033
 [][] \OT1/cmr/m/n/10 Cette librairie Python permet d'avoir un certain nombre d'informations concernant l'impact
 []


Overfull \hbox (0.38435pt too wide) in paragraph at lines 1054--1055
 [][] \OT1/cmr/m/n/10 ``Machine Learning CO2 Impact'' est un outil disponible par un site internet, contrairement
 []


Overfull \hbox (8.18985pt too wide) in paragraph at lines 1059--1060
[]\OT1/cmr/m/n/10 Choisir judicieusement son fournisseur Cloud : Ils n'ach^^Retent pas tous des compensations,
 []

[39]
Overfull \hbox (0.77313pt too wide) in paragraph at lines 1061--1062
[]\OT1/cmr/m/n/10 Acheter des compensations carbone : De nombreuses plateformes proposent des moyens
 []


Overfull \hbox (3.24556pt too wide) in paragraph at lines 1076--1077
\OT1/cmr/m/n/10 biais injustes, l'impact environnemental d'un mod^^Rele ou encore l'explication du comportement
 []

[40]
Overfull \hbox (1.16214pt too wide) in paragraph at lines 1092--1093
\OT1/cmr/m/n/10 sociale, (d) Droit Fondamentaux, (e) Vie priv^^See et protections des donn^^Sees et (f) Justification. 
 []


Overfull \hbox (1.8472pt too wide) in paragraph at lines 1101--1102
\OT1/cmr/m/n/10 Europ^^Seenne couvertes et structur^^Sees afin qu'elles soient d^^Seroul^^Sees le long d'un projet. Ensuite,
 []


Overfull \hbox (1.27316pt too wide) in paragraph at lines 1101--1102
\OT1/cmr/m/n/10 nous pouvons, pour chaque aspect list^^Se pr^^Sec^^Sedemment, dresser les questions pouvant s'assurer
 []

[41]
Overfull \hbox (0.32884pt too wide) in paragraph at lines 1117--1118
 [][] \OT1/cmr/m/n/10 Deux besoins pour deux formes de l'outil, une bo^^^Pte ^^Ra outil en Python pour les d^^Seveloppeurs
 []

[42] [43] [44]
Chapitre III.

Overfull \hbox (15.93233pt too wide) in paragraph at lines 1216--1217
 []\OT1/cmr/bx/n/10 Probl^^Sematique :[] \OT1/cmr/m/n/10 Est-il possible de rendre une Intelligence Artificielle socialement responsable
 []


Overfull \hbox (19.85661pt too wide) in paragraph at lines 1236--1238
[]\OT1/cmr/m/n/10 Donn^^Sees Utilisation des donn^^Sees de la comp^^Setition Kaggle : https://www.kaggle.com/c/home-
 []

[45

] [46]
Chapitre IV.
[47

] [48

] (/home/lauga/Documents/memoire/latex/new_memoire.bbl
Underfull \hbox (badness 3417) in paragraph at lines 9--14
[]\OT1/cmr/m/n/10 Algorithm Watch.  AI Ethics Guidelines Global Inventory by AlgorithmWatch,
 []


Underfull \hbox (badness 2205) in paragraph at lines 9--14
\OT1/cmr/m/n/10 April 2020.  URL []$\OT1/cmtt/m/n/10 https : / / inventory . algorithmwatch . org$[]\OT1/cmr/m/n/10 .  Library Catalog:
 []

[49

]
Underfull \hbox (badness 6236) in paragraph at lines 117--122
[]\OT1/cmr/m/n/10 Louis Columbus.  25 Machine Learning Startups To Watch In 2019, May
 []


Underfull \hbox (badness 10000) in paragraph at lines 117--122
\OT1/cmr/m/n/10 2019.  URL []$\OT1/cmtt/m/n/10 https : / / www . forbes . com / sites / louiscolumbus / 2019 / 05 / 27 /
 []


Underfull \hbox (badness 10000) in paragraph at lines 117--122
\OT1/cmtt/m/n/10 25-[]machine-[]learning-[]startups-[]to-[]watch-[]in-[]2019/$[]\OT1/cmr/m/n/10 .  Library Catalog:
 []


Underfull \hbox (badness 10000) in paragraph at lines 154--159
\OT1/cmtt/m/n/10 / / www . visualcapitalist . com / what-[]happens-[]in-[]an-[]internet-[]minute-[]in-[]2019/$[]\OT1/cmr/m/n/10 .
 []

[50]
Underfull \hbox (badness 6825) in paragraph at lines 216--222
[]\OT1/cmr/m/n/10 Alexei Grinbaum.  [] Le jugement ^^Sethique est une affaire d'humains, pas
 []


Underfull \hbox (badness 10000) in paragraph at lines 216--222
\OT1/cmr/m/n/10 de robots [], May 2019a.  URL []$\OT1/cmtt/m/n/10 https : / / usbeketrica . com / article /
 []


Underfull \hbox (badness 10000) in paragraph at lines 216--222
\OT1/cmtt/m/n/10 jugement-[]ethique-[]affaire-[]humains-[]pas-[]robots-[]hasard$[]\OT1/cmr/m/n/10 .  Library Catalog:
 []


Underfull \hbox (badness 10000) in paragraph at lines 224--229
[]\OT1/cmr/m/n/10 Alexei Grinbaum.  La Conversation scientifique, Des machines pourront-
 []


Underfull \hbox (badness 10000) in paragraph at lines 224--229
\OT1/cmr/m/n/10 elles apprendre le bien et le mal ?, March 2019b.  URL []$\OT1/cmtt/m/n/10 https :
 []


Underfull \hbox (badness 10000) in paragraph at lines 224--229
\OT1/cmtt/m/n/10 / / www . franceculture . fr / emissions / la-[]conversation-[]scientifique /
 []


Underfull \hbox (badness 10000) in paragraph at lines 268--273
[]\OT1/cmr/m/n/10 Michael Haupt.  Who should get credit for the quote 'data is
 []


Underfull \hbox (badness 10000) in paragraph at lines 268--273
\OT1/cmr/m/n/10 the new oil'? - Quora, 2006.  URL []$\OT1/cmtt/m/n/10 https : / / www . quora . com /
 []

[51]
Underfull \hbox (badness 3668) in paragraph at lines 368--372
[]\OT1/cmr/m/n/10 Jeff Larson and Julia Angwin.  How We Analyzed the COMPAS Recidivism
 []


Underfull \hbox (badness 10000) in paragraph at lines 368--372
\OT1/cmr/m/n/10 Algorithm, May 2016.  URL []$\OT1/cmtt/m/n/10 https : / / www . propublica . org / article /
 []


Underfull \hbox (badness 1509) in paragraph at lines 409--413
[]\OT1/cmr/m/n/10 Michel de Montaigne.  \OT1/cmr/m/it/10 Essais de Montaigne\OT1/cmr/m/n/10 .  Volland, 1789.  Google-Books-ID:
 []

[52]
Underfull \hbox (badness 1292) in paragraph at lines 425--429
[]\OT1/cmr/m/n/10 Alexander Mordvintsev, Christopher Olah, and Mike Tyka.  Inceptionism: Going
 []


Underfull \hbox (badness 2269) in paragraph at lines 441--446
\OT1/cmr/m/n/10 humans - CNET, November 2018.  URL []$\OT1/cmtt/m/n/10 https : / / newsflash . one / 2018 / 11 / 14 /
 []


Overfull \hbox (36.18561pt too wide) in paragraph at lines 441--446
\OT1/cmtt/m/n/10 ai-[]is-[]very-[]very-[]stupid-[]says-[]googles-[]ai-[]leader-[]at-[]least-[]compared-[]to-[]humans-[]cnet/$[]\OT1/cmr/m/n/10 . 
 []


Underfull \hbox (badness 2582) in paragraph at lines 473--478
\OT1/cmtt/m/n/10 com / sites / gilpress / 2013 / 05 / 09 / a-[]very-[]short-[]history-[]of-[]big-[]data/$[]\OT1/cmr/m/n/10 .  Library
 []

[53]
Underfull \hbox (badness 1348) in paragraph at lines 586--595
[]\OT1/cmr/m/n/10 R. J. Solomonoff.  The time scale of artificial intelligence: Reflections on social
 []


Overfull \hbox (20.90791pt too wide) in paragraph at lines 627--633
\OT1/cmtt/m/n/10 a-[]peine-[]lancee-[]une-[]intelligence-[]artificielle-[]de-[]microsoft-[]derape-[]sur-[]twitter _
 []

[54]
Underfull \hbox (badness 2035) in paragraph at lines 671--684
\OT1/cmr/m/n/10 Wojciech M. Czarnecki, Andrew Dudzik, Aja Huang, Petko Georgiev, Richard
 []


Underfull \hbox (badness 1033) in paragraph at lines 671--684
\OT1/cmr/m/n/10 Junhyuk Oh, Valentin Dalibard, David Choi, Laurent Sifre, Yury Sulsky, Sasha
 []


Underfull \hbox (badness 1867) in paragraph at lines 671--684
\OT1/cmr/m/it/10 Time Strategy Game StarCraft II\OT1/cmr/m/n/10 .  2019.  URL []$\OT1/cmtt/m/n/10 https : / / deepmind . com / blog /
 []

)
Underfull \hbox (badness 2269) in paragraph at lines 1334--1334
[]|\OT1/cmr/m/n/10 Solutions de secours et
 []


Underfull \hbox (badness 10000) in paragraph at lines 1338--1338
[]|\OT1/cmr/m/n/10 Fiabilit^^Se et
 []

[55]
Underfull \hbox (badness 1708) in paragraph at lines 1354--1354
[]|\OT1/cmr/m/n/10 Qualit^^Se et int^^Segrit^^Se des
 []


Underfull \hbox (badness 10000) in paragraph at lines 1392--1392
[]|\OT1/cmr/m/n/10 Est-ce qu'^^Ra minima, un.e des
 []


Underfull \hbox (badness 5431) in paragraph at lines 1392--1392
\OT1/cmr/m/n/10 commanditaire, un.e d^^Seveloppeur.se
 []


Underfull \hbox (badness 6047) in paragraph at lines 1408--1408
[]|\OT1/cmr/m/n/10 Est-ce que le mod^^Rele peut avoir
 []


Underfull \hbox (badness 10000) in paragraph at lines 1408--1408
\OT1/cmr/m/n/10 une incidence sociale sur un.e
 []


Underfull \hbox (badness 1226) in paragraph at lines 1408--1408
\OT1/cmr/m/n/10 utilisateur.rice ? Par exemple, un
 []


Underfull \hbox (badness 10000) in paragraph at lines 1426--1426
[]|\OT1/cmr/m/n/10 Minimisation et
 []


Underfull \hbox (badness 10000) in paragraph at lines 1426--1426
\OT1/cmr/m/n/10 documentation des
 []


Underfull \hbox (badness 10000) in paragraph at lines 1428--1428
[]|\OT1/cmr/m/n/10 Documentation des
 []

[56]
Package atveryend Info: Empty hook `BeforeClearDocument' on input line 1436.
 [57]
Package atveryend Info: Empty hook `AfterLastShipout' on input line 1436.
 (/home/lauga/Documents/memoire/latex/new_memoire.aux)
Package atveryend Info: Executing hook `AtVeryEndDocument' on input line 1436.
Package atveryend Info: Executing hook `AtEndAfterFileList' on input line 1436.
Package rerunfilecheck Info: File `new_memoire.out' has not changed.
(rerunfilecheck)             Checksum: DD07D4D8ECEE537EF896DE5D72EE9C6C;5485.


LaTeX Warning: There were undefined references.


LaTeX Warning: There were multiply-defined labels.

Package atveryend Info: Empty hook `AtVeryVeryEnd' on input line 1436.
 ) 
Here is how much of TeX's memory you used:
 8738 strings out of 494510
 129839 string characters out of 6176236
 247513 words of memory out of 5000000
 11789 multiletter control sequences out of 15000+600000
 10815 words of font info for 39 fonts, out of 8000000 for 9000
 36 hyphenation exceptions out of 8191
 28i,9n,35p,1153b,601s stack positions out of 5000i,500n,10000p,200000b,80000s
</usr/share/texlive/texmf-dist/fonts/type1/public/amsfonts/cm/cmbx10.pfb></usr/share/texlive/texmf-dist/fonts/type1/public/amsfonts/cm/cmbx12.pfb></usr/share/texlive/texmf-dist/fonts/type1/public/amsfonts/cm/cmcsc10.pfb></usr/share/texlive/texmf-dist/fonts/type1/public/amsfonts/cm/cmmi10.pfb></usr/share/texlive/texmf-dist/fonts/type1/public/amsfonts/cm/cmmi7.pfb></usr/share/texlive/texmf-dist/fonts/type1/public/amsfonts/cm/cmr10.pfb></usr/share/texlive/texmf-dist/fonts/type1/public/amsfonts/cm/cmr12.pfb></usr/share/texlive/texmf-dist/fonts/type1/public/amsfonts/cm/cmr6.pfb></usr/share/texlive/texmf-dist/fonts/type1/public/amsfonts/cm/cmr7.pfb></usr/share/texlive/texmf-dist/fonts/type1/public/amsfonts/cm/cmr8.pfb></usr/share/texlive/texmf-dist/fonts/type1/public/amsfonts/cm/cmsy10.pfb></usr/share/texlive/texmf-dist/fonts/type1/public/amsfonts/cm/cmsy5.pfb></usr/share/texlive/texmf-dist/fonts/type1/public/amsfonts/cm/cmsy7.pfb></usr/share/texlive/texmf-dist/fonts/type1/public/amsfonts/cm/cmti10.pfb></usr/share/texlive/texmf-dist/fonts/type1/public/amsfonts/cm/cmtt10.pfb>
Output written on /home/lauga/Documents/memoire/latex/new_memoire.pdf (61 pages, 2434437 bytes).
PDF statistics:
 1565 PDF objects out of 1728 (max. 8388607)
 1434 compressed objects within 15 object streams
 519 named destinations out of 1000 (max. 500000)
 553 words of extra memory for PDF output out of 10000 (max. 10000000)

